2023-01-16 00:00:02,910 WARN org.hibernate.orm.connections.pooling [scheduling-1] HHH10001002: Using Hibernate built-in connection pool (not for production use!)
2023-01-16 00:00:02,914 INFO org.hibernate.orm.connections.pooling [scheduling-1] HHH10001005: using driver [org.postgresql.Driver] at URL [jdbc:postgresql://localhost:5432/BalanceWheel]
2023-01-16 00:00:02,914 INFO org.hibernate.orm.connections.pooling [scheduling-1] HHH10001001: Connection properties: {password=****, user=NikToRozeo}
2023-01-16 00:00:02,914 INFO org.hibernate.orm.connections.pooling [scheduling-1] HHH10001003: Autocommit mode: false
2023-01-16 00:00:02,916 INFO org.hibernate.engine.jdbc.connections.internal.DriverManagerConnectionProviderImpl [scheduling-1] HHH000115: Hibernate connection pool size: 20 (min=1)
2023-01-16 00:00:02,983 INFO org.hibernate.dialect.Dialect [scheduling-1] HHH000400: Using dialect: org.hibernate.dialect.PostgreSQL95Dialect
2023-01-16 00:09:25,895 INFO org.springframework.orm.jpa.LocalContainerEntityManagerFactoryBean [SpringApplicationShutdownHook] Closing JPA EntityManagerFactory for persistence unit 'default'
2023-01-16 00:09:30,461 INFO com.testSpringBoot.SpringDemoBot.SpringDemoBotApplication [main] Starting SpringDemoBotApplication using Java 17.0.5 on MacBook-Pro-Pavel.local with PID 10733 (/Users/fortex/Documents/GitHub/WheelBalanceGitHub/target/classes started by fortex in /Users/fortex/Documents/GitHub/WheelBalanceGitHub)
2023-01-16 00:09:30,462 INFO com.testSpringBoot.SpringDemoBot.SpringDemoBotApplication [main] No active profile set, falling back to 1 default profile: "default"
2023-01-16 00:09:30,645 INFO org.springframework.data.repository.config.RepositoryConfigurationDelegate [main] Bootstrapping Spring Data JPA repositories in DEFAULT mode.
2023-01-16 00:09:30,678 INFO org.springframework.data.repository.config.RepositoryConfigurationDelegate [main] Finished Spring Data repository scanning in 28 ms. Found 3 JPA repository interfaces.
2023-01-16 00:09:30,768 INFO com.testSpringBoot.SpringDemoBot.config.JdbcConfig [main] Creating DataSource bean
2023-01-16 00:09:30,825 INFO org.hibernate.jpa.internal.util.LogHelper [main] HHH000204: Processing PersistenceUnitInfo [name: default]
2023-01-16 00:09:30,846 INFO org.hibernate.Version [main] HHH000412: Hibernate ORM core version 5.6.14.Final
2023-01-16 00:09:30,936 INFO org.hibernate.annotations.common.Version [main] HCANN000001: Hibernate Commons Annotations {5.1.2.Final}
2023-01-16 00:09:31,166 INFO org.hibernate.dialect.Dialect [main] HHH000400: Using dialect: org.hibernate.dialect.PostgreSQLDialect
2023-01-16 00:09:31,304 WARN org.hibernate.mapping.RootClass [main] HHH000038: Composite-id class does not override equals(): com.testSpringBoot.SpringDemoBot.model.DataBaseQuestId
2023-01-16 00:09:31,304 WARN org.hibernate.mapping.RootClass [main] HHH000039: Composite-id class does not override hashCode(): com.testSpringBoot.SpringDemoBot.model.DataBaseQuestId
2023-01-16 00:09:31,491 INFO org.hibernate.engine.transaction.jta.platform.internal.JtaPlatformInitiator [main] HHH000490: Using JtaPlatform implementation: [org.hibernate.engine.transaction.jta.platform.internal.NoJtaPlatform]
2023-01-16 00:09:31,494 INFO org.springframework.orm.jpa.LocalContainerEntityManagerFactoryBean [main] Initialized JPA EntityManagerFactory for persistence unit 'default'
2023-01-16 00:09:32,242 ERROR com.testSpringBoot.SpringDemoBot.service.TelegramBot [main] Error setting bots command listError executing org.telegram.telegrambots.meta.api.methods.commands.SetMyCommands query: [400] Bad Request: BOT_COMMAND_INVALID
2023-01-16 00:09:32,355 INFO com.testSpringBoot.SpringDemoBot.config.JdbcConfig [main] Creating JdbcTemplate bean
2023-01-16 00:09:32,577 INFO com.testSpringBoot.SpringDemoBot.SpringDemoBotApplication [main] Started SpringDemoBotApplication in 2.251 seconds (JVM running for 2.806)
2023-01-16 00:09:47,580 INFO com.testSpringBoot.SpringDemoBot.service.TelegramBot [vazhnov_test_1_bot Telegram Executor] Пользователь ввел время для вопросов
2023-01-16 00:09:48,717 INFO com.testSpringBoot.SpringDemoBot.service.TelegramBot [vazhnov_test_1_bot Telegram Executor] Пользователь ввел корректные данные
2023-01-16 00:09:48,718 ERROR com.testSpringBoot.SpringDemoBot.service.TelegramBot [vazhnov_test_1_bot Telegram Executor] * 10 00 * * *
2023-01-16 00:09:48,836 INFO com.testSpringBoot.SpringDemoBot.service.TelegramBot [vazhnov_test_1_bot Telegram Executor] Добавили время в базу данныхUser{chatId=350511326, firstName='Pavel', lastName='Vazhnov', userName='@pavel_fortex', registeredAt=2023-01-11 11:19:16.41, timeToQuestions=* 10 00 * * *, numberWheelId=null}
2023-01-16 00:09:49,036 INFO com.testSpringBoot.SpringDemoBot.service.TelegramBot [vazhnov_test_1_bot Telegram Executor] Пользователь обновил время получения вопросов com.testSpringBoot.SpringDemoBot.model.DataBaseQuest@531a9a1b
2023-01-16 00:10:00,102 INFO com.testSpringBoot.SpringDemoBot.service.TelegramBot [scheduling-1] Время cron соответствует текущему времени
2023-01-16 00:10:00,103 INFO com.testSpringBoot.SpringDemoBot.service.TelegramBot [scheduling-1] Выполнение запроса для получения квеста
2023-01-16 00:10:00,115 INFO com.testSpringBoot.SpringDemoBot.service.TelegramBot [scheduling-1] quest = [Как отношения?, Как друзья?, Как крастота?]
2023-01-16 00:10:01,653 WARN org.hibernate.orm.connections.pooling [scheduling-1] HHH10001002: Using Hibernate built-in connection pool (not for production use!)
2023-01-16 00:10:01,654 INFO org.hibernate.orm.connections.pooling [scheduling-1] HHH10001005: using driver [org.postgresql.Driver] at URL [jdbc:postgresql://localhost:5432/BalanceWheel]
2023-01-16 00:10:01,654 INFO org.hibernate.orm.connections.pooling [scheduling-1] HHH10001001: Connection properties: {password=****, user=NikToRozeo}
2023-01-16 00:10:01,654 INFO org.hibernate.orm.connections.pooling [scheduling-1] HHH10001003: Autocommit mode: false
2023-01-16 00:10:01,655 INFO org.hibernate.engine.jdbc.connections.internal.DriverManagerConnectionProviderImpl [scheduling-1] HHH000115: Hibernate connection pool size: 20 (min=1)
2023-01-16 00:10:01,682 INFO org.hibernate.dialect.Dialect [scheduling-1] HHH000400: Using dialect: org.hibernate.dialect.PostgreSQL95Dialect
2023-01-16 00:10:01,720 WARN org.hibernate.engine.jdbc.spi.SqlExceptionHelper [scheduling-1] SQL Error: 0, SQLState: 42701
2023-01-16 00:10:01,720 ERROR org.hibernate.engine.jdbc.spi.SqlExceptionHelper [scheduling-1] ERROR: column "date_16_01_2023" of relation "data_base_quest" already exists
2023-01-16 00:10:01,722 INFO com.testSpringBoot.SpringDemoBot.model.CreateDateColumn [scheduling-1] Проверка прошла успешно, столбец уже создан
2023-01-16 00:10:18,610 INFO com.testSpringBoot.SpringDemoBot.service.TelegramBot [vazhnov_test_1_bot Telegram Executor] Солнце  я тут
2023-01-16 00:10:34,986 INFO com.testSpringBoot.SpringDemoBot.service.TelegramBot [vazhnov_test_1_bot Telegram Executor] Солнце  я тут
2023-01-16 00:10:45,400 INFO com.testSpringBoot.SpringDemoBot.service.TelegramBot [vazhnov_test_1_bot Telegram Executor] Солнце  я тут
2023-01-16 00:11:03,655 INFO com.testSpringBoot.SpringDemoBot.service.TelegramBot [vazhnov_test_1_bot Telegram Executor] Солнце  я тут
2023-01-16 00:11:34,868 INFO com.testSpringBoot.SpringDemoBot.service.TelegramBot [vazhnov_test_1_bot Telegram Executor] Солнце  я тут
2023-01-16 00:12:26,350 INFO org.springframework.orm.jpa.LocalContainerEntityManagerFactoryBean [SpringApplicationShutdownHook] Closing JPA EntityManagerFactory for persistence unit 'default'
2023-01-16 00:12:29,900 INFO com.testSpringBoot.SpringDemoBot.SpringDemoBotApplication [main] Starting SpringDemoBotApplication using Java 17.0.5 on MacBook-Pro-Pavel.local with PID 10763 (/Users/fortex/Documents/GitHub/WheelBalanceGitHub/target/classes started by fortex in /Users/fortex/Documents/GitHub/WheelBalanceGitHub)
2023-01-16 00:12:29,901 INFO com.testSpringBoot.SpringDemoBot.SpringDemoBotApplication [main] No active profile set, falling back to 1 default profile: "default"
2023-01-16 00:12:30,052 INFO org.springframework.data.repository.config.RepositoryConfigurationDelegate [main] Bootstrapping Spring Data JPA repositories in DEFAULT mode.
2023-01-16 00:12:30,069 INFO org.springframework.data.repository.config.RepositoryConfigurationDelegate [main] Finished Spring Data repository scanning in 14 ms. Found 3 JPA repository interfaces.
2023-01-16 00:12:30,159 INFO com.testSpringBoot.SpringDemoBot.config.JdbcConfig [main] Creating DataSource bean
2023-01-16 00:12:30,202 INFO org.hibernate.jpa.internal.util.LogHelper [main] HHH000204: Processing PersistenceUnitInfo [name: default]
2023-01-16 00:12:30,222 INFO org.hibernate.Version [main] HHH000412: Hibernate ORM core version 5.6.14.Final
2023-01-16 00:12:30,271 INFO org.hibernate.annotations.common.Version [main] HCANN000001: Hibernate Commons Annotations {5.1.2.Final}
2023-01-16 00:12:30,393 INFO org.hibernate.dialect.Dialect [main] HHH000400: Using dialect: org.hibernate.dialect.PostgreSQLDialect
2023-01-16 00:12:30,477 WARN org.hibernate.mapping.RootClass [main] HHH000038: Composite-id class does not override equals(): com.testSpringBoot.SpringDemoBot.model.DataBaseQuestId
2023-01-16 00:12:30,477 WARN org.hibernate.mapping.RootClass [main] HHH000039: Composite-id class does not override hashCode(): com.testSpringBoot.SpringDemoBot.model.DataBaseQuestId
2023-01-16 00:12:30,614 INFO org.hibernate.engine.transaction.jta.platform.internal.JtaPlatformInitiator [main] HHH000490: Using JtaPlatform implementation: [org.hibernate.engine.transaction.jta.platform.internal.NoJtaPlatform]
2023-01-16 00:12:30,618 INFO org.springframework.orm.jpa.LocalContainerEntityManagerFactoryBean [main] Initialized JPA EntityManagerFactory for persistence unit 'default'
2023-01-16 00:12:31,311 ERROR com.testSpringBoot.SpringDemoBot.service.TelegramBot [main] Error setting bots command listError executing org.telegram.telegrambots.meta.api.methods.commands.SetMyCommands query: [400] Bad Request: BOT_COMMAND_INVALID
2023-01-16 00:12:31,425 INFO com.testSpringBoot.SpringDemoBot.config.JdbcConfig [main] Creating JdbcTemplate bean
2023-01-16 00:12:31,640 INFO com.testSpringBoot.SpringDemoBot.SpringDemoBotApplication [main] Started SpringDemoBotApplication in 1.871 seconds (JVM running for 2.283)
2023-01-16 00:12:38,258 INFO com.testSpringBoot.SpringDemoBot.service.TelegramBot [vazhnov_test_1_bot Telegram Executor] Пользователь ввел время для вопросов
2023-01-16 00:12:39,652 INFO com.testSpringBoot.SpringDemoBot.service.TelegramBot [vazhnov_test_1_bot Telegram Executor] Пользователь ввел корректные данные
2023-01-16 00:12:39,654 ERROR com.testSpringBoot.SpringDemoBot.service.TelegramBot [vazhnov_test_1_bot Telegram Executor] * 13 00 * * *
2023-01-16 00:12:39,813 INFO com.testSpringBoot.SpringDemoBot.service.TelegramBot [vazhnov_test_1_bot Telegram Executor] Добавили время в базу данныхUser{chatId=350511326, firstName='Pavel', lastName='Vazhnov', userName='@pavel_fortex', registeredAt=2023-01-11 11:19:16.41, timeToQuestions=* 13 00 * * *, numberWheelId=null}
2023-01-16 00:12:40,013 INFO com.testSpringBoot.SpringDemoBot.service.TelegramBot [vazhnov_test_1_bot Telegram Executor] Пользователь обновил время получения вопросов com.testSpringBoot.SpringDemoBot.model.DataBaseQuest@5712b6c6
2023-01-16 00:13:00,116 INFO com.testSpringBoot.SpringDemoBot.service.TelegramBot [scheduling-1] Время cron соответствует текущему времени
2023-01-16 00:13:00,117 INFO com.testSpringBoot.SpringDemoBot.service.TelegramBot [scheduling-1] Выполнение запроса для получения квеста
2023-01-16 00:13:00,130 INFO com.testSpringBoot.SpringDemoBot.service.TelegramBot [scheduling-1] quest = [Саморазвитие?, Как друзья?, Как вещи?]
2023-01-16 00:13:08,942 INFO com.testSpringBoot.SpringDemoBot.service.TelegramBot [vazhnov_test_1_bot Telegram Executor] Солнце  я тут c 350511326Как вещи?8
2023-01-16 00:13:19,006 INFO com.testSpringBoot.SpringDemoBot.service.TelegramBot [vazhnov_test_1_bot Telegram Executor] Солнце  я тут c 350511326Как вещи?10
2023-01-16 00:13:23,410 INFO com.testSpringBoot.SpringDemoBot.service.TelegramBot [vazhnov_test_1_bot Telegram Executor] Солнце  я тут c 350511326Саморазвитие?2
2023-01-16 00:13:26,053 INFO com.testSpringBoot.SpringDemoBot.service.TelegramBot [vazhnov_test_1_bot Telegram Executor] Солнце  я тут c 350511326Как друзья?3
2023-01-16 00:20:00,300 WARN org.hibernate.orm.connections.pooling [scheduling-1] HHH10001002: Using Hibernate built-in connection pool (not for production use!)
2023-01-16 00:20:00,302 INFO org.hibernate.orm.connections.pooling [scheduling-1] HHH10001005: using driver [org.postgresql.Driver] at URL [jdbc:postgresql://localhost:5432/BalanceWheel]
2023-01-16 00:20:00,303 INFO org.hibernate.orm.connections.pooling [scheduling-1] HHH10001001: Connection properties: {password=****, user=NikToRozeo}
2023-01-16 00:20:00,303 INFO org.hibernate.orm.connections.pooling [scheduling-1] HHH10001003: Autocommit mode: false
2023-01-16 00:20:00,305 INFO org.hibernate.engine.jdbc.connections.internal.DriverManagerConnectionProviderImpl [scheduling-1] HHH000115: Hibernate connection pool size: 20 (min=1)
2023-01-16 00:20:00,361 INFO org.hibernate.dialect.Dialect [scheduling-1] HHH000400: Using dialect: org.hibernate.dialect.PostgreSQL95Dialect
2023-01-16 00:20:00,449 WARN org.hibernate.engine.jdbc.spi.SqlExceptionHelper [scheduling-1] SQL Error: 0, SQLState: 42701
2023-01-16 00:20:00,449 ERROR org.hibernate.engine.jdbc.spi.SqlExceptionHelper [scheduling-1] ERROR: column "date_16_01_2023" of relation "data_base_quest" already exists
2023-01-16 00:20:00,453 INFO com.testSpringBoot.SpringDemoBot.model.CreateDateColumn [scheduling-1] Проверка прошла успешно, столбец уже создан
2023-01-16 00:30:00,056 WARN org.hibernate.orm.connections.pooling [scheduling-1] HHH10001002: Using Hibernate built-in connection pool (not for production use!)
2023-01-16 00:30:00,060 INFO org.hibernate.orm.connections.pooling [scheduling-1] HHH10001005: using driver [org.postgresql.Driver] at URL [jdbc:postgresql://localhost:5432/BalanceWheel]
2023-01-16 00:30:00,060 INFO org.hibernate.orm.connections.pooling [scheduling-1] HHH10001001: Connection properties: {password=****, user=NikToRozeo}
2023-01-16 00:30:00,060 INFO org.hibernate.orm.connections.pooling [scheduling-1] HHH10001003: Autocommit mode: false
2023-01-16 00:30:00,060 INFO org.hibernate.engine.jdbc.connections.internal.DriverManagerConnectionProviderImpl [scheduling-1] HHH000115: Hibernate connection pool size: 20 (min=1)
2023-01-16 00:30:00,106 INFO org.hibernate.dialect.Dialect [scheduling-1] HHH000400: Using dialect: org.hibernate.dialect.PostgreSQL95Dialect
2023-01-16 00:30:00,136 WARN org.hibernate.engine.jdbc.spi.SqlExceptionHelper [scheduling-1] SQL Error: 0, SQLState: 42701
2023-01-16 00:30:00,136 ERROR org.hibernate.engine.jdbc.spi.SqlExceptionHelper [scheduling-1] ERROR: column "date_16_01_2023" of relation "data_base_quest" already exists
2023-01-16 00:30:00,137 INFO com.testSpringBoot.SpringDemoBot.model.CreateDateColumn [scheduling-1] Проверка прошла успешно, столбец уже создан
2023-01-16 03:17:27,806 INFO org.telegram.telegrambots.updatesreceivers.DefaultBotSession [vazhnov_test_1_bot Telegram Connection] Read timed out
java.net.SocketTimeoutException: Read timed out
	at java.base/sun.nio.ch.NioSocketImpl.timedRead(NioSocketImpl.java:283)
	at java.base/sun.nio.ch.NioSocketImpl.implRead(NioSocketImpl.java:309)
	at java.base/sun.nio.ch.NioSocketImpl.read(NioSocketImpl.java:350)
	at java.base/sun.nio.ch.NioSocketImpl$1.read(NioSocketImpl.java:803)
	at java.base/java.net.Socket$SocketInputStream.read(Socket.java:966)
	at java.base/sun.security.ssl.SSLSocketInputRecord.read(SSLSocketInputRecord.java:478)
	at java.base/sun.security.ssl.SSLSocketInputRecord.readHeader(SSLSocketInputRecord.java:472)
	at java.base/sun.security.ssl.SSLSocketInputRecord.bytesInCompletePacket(SSLSocketInputRecord.java:70)
	at java.base/sun.security.ssl.SSLSocketImpl.readApplicationRecord(SSLSocketImpl.java:1460)
	at java.base/sun.security.ssl.SSLSocketImpl$AppInputStream.read(SSLSocketImpl.java:1064)
	at org.apache.http.impl.io.SessionInputBufferImpl.streamRead(SessionInputBufferImpl.java:137)
	at org.apache.http.impl.io.SessionInputBufferImpl.fillBuffer(SessionInputBufferImpl.java:153)
	at org.apache.http.impl.io.SessionInputBufferImpl.readLine(SessionInputBufferImpl.java:280)
	at org.apache.http.impl.conn.DefaultHttpResponseParser.parseHead(DefaultHttpResponseParser.java:138)
	at org.apache.http.impl.conn.DefaultHttpResponseParser.parseHead(DefaultHttpResponseParser.java:56)
	at org.apache.http.impl.io.AbstractMessageParser.parse(AbstractMessageParser.java:259)
	at org.apache.http.impl.DefaultBHttpClientConnection.receiveResponseHeader(DefaultBHttpClientConnection.java:163)
	at org.apache.http.impl.conn.CPoolProxy.receiveResponseHeader(CPoolProxy.java:157)
	at org.apache.http.protocol.HttpRequestExecutor.doReceiveResponse(HttpRequestExecutor.java:273)
	at org.apache.http.protocol.HttpRequestExecutor.execute(HttpRequestExecutor.java:125)
	at org.apache.http.impl.execchain.MainClientExec.execute(MainClientExec.java:272)
	at org.apache.http.impl.execchain.ProtocolExec.execute(ProtocolExec.java:186)
	at org.apache.http.impl.execchain.RetryExec.execute(RetryExec.java:89)
	at org.apache.http.impl.execchain.RedirectExec.execute(RedirectExec.java:110)
	at org.apache.http.impl.client.InternalHttpClient.doExecute(InternalHttpClient.java:185)
	at org.apache.http.impl.client.CloseableHttpClient.execute(CloseableHttpClient.java:83)
	at org.telegram.telegrambots.updatesreceivers.DefaultBotSession$ReaderThread.getUpdatesFromServer(DefaultBotSession.java:250)
	at org.telegram.telegrambots.updatesreceivers.DefaultBotSession$ReaderThread.run(DefaultBotSession.java:189)
2023-01-16 06:18:00,557 INFO org.telegram.telegrambots.updatesreceivers.DefaultBotSession [vazhnov_test_1_bot Telegram Connection] Read timed out
java.net.SocketTimeoutException: Read timed out
	at java.base/sun.nio.ch.NioSocketImpl.timedRead(NioSocketImpl.java:283)
	at java.base/sun.nio.ch.NioSocketImpl.implRead(NioSocketImpl.java:309)
	at java.base/sun.nio.ch.NioSocketImpl.read(NioSocketImpl.java:350)
	at java.base/sun.nio.ch.NioSocketImpl$1.read(NioSocketImpl.java:803)
	at java.base/java.net.Socket$SocketInputStream.read(Socket.java:966)
	at java.base/sun.security.ssl.SSLSocketInputRecord.read(SSLSocketInputRecord.java:478)
	at java.base/sun.security.ssl.SSLSocketInputRecord.readHeader(SSLSocketInputRecord.java:472)
	at java.base/sun.security.ssl.SSLSocketInputRecord.bytesInCompletePacket(SSLSocketInputRecord.java:70)
	at java.base/sun.security.ssl.SSLSocketImpl.readApplicationRecord(SSLSocketImpl.java:1460)
	at java.base/sun.security.ssl.SSLSocketImpl$AppInputStream.read(SSLSocketImpl.java:1064)
	at org.apache.http.impl.io.SessionInputBufferImpl.streamRead(SessionInputBufferImpl.java:137)
	at org.apache.http.impl.io.SessionInputBufferImpl.fillBuffer(SessionInputBufferImpl.java:153)
	at org.apache.http.impl.io.SessionInputBufferImpl.readLine(SessionInputBufferImpl.java:280)
	at org.apache.http.impl.conn.DefaultHttpResponseParser.parseHead(DefaultHttpResponseParser.java:138)
	at org.apache.http.impl.conn.DefaultHttpResponseParser.parseHead(DefaultHttpResponseParser.java:56)
	at org.apache.http.impl.io.AbstractMessageParser.parse(AbstractMessageParser.java:259)
	at org.apache.http.impl.DefaultBHttpClientConnection.receiveResponseHeader(DefaultBHttpClientConnection.java:163)
	at org.apache.http.impl.conn.CPoolProxy.receiveResponseHeader(CPoolProxy.java:157)
	at org.apache.http.protocol.HttpRequestExecutor.doReceiveResponse(HttpRequestExecutor.java:273)
	at org.apache.http.protocol.HttpRequestExecutor.execute(HttpRequestExecutor.java:125)
	at org.apache.http.impl.execchain.MainClientExec.execute(MainClientExec.java:272)
	at org.apache.http.impl.execchain.ProtocolExec.execute(ProtocolExec.java:186)
	at org.apache.http.impl.execchain.RetryExec.execute(RetryExec.java:89)
	at org.apache.http.impl.execchain.RedirectExec.execute(RedirectExec.java:110)
	at org.apache.http.impl.client.InternalHttpClient.doExecute(InternalHttpClient.java:185)
	at org.apache.http.impl.client.CloseableHttpClient.execute(CloseableHttpClient.java:83)
	at org.telegram.telegrambots.updatesreceivers.DefaultBotSession$ReaderThread.getUpdatesFromServer(DefaultBotSession.java:250)
	at org.telegram.telegrambots.updatesreceivers.DefaultBotSession$ReaderThread.run(DefaultBotSession.java:189)
2023-01-16 06:18:10,211 WARN org.hibernate.orm.connections.pooling [scheduling-1] HHH10001002: Using Hibernate built-in connection pool (not for production use!)
2023-01-16 06:18:10,211 INFO org.hibernate.orm.connections.pooling [scheduling-1] HHH10001005: using driver [org.postgresql.Driver] at URL [jdbc:postgresql://localhost:5432/BalanceWheel]
2023-01-16 06:18:10,211 INFO org.hibernate.orm.connections.pooling [scheduling-1] HHH10001001: Connection properties: {password=****, user=NikToRozeo}
2023-01-16 06:18:10,211 INFO org.hibernate.orm.connections.pooling [scheduling-1] HHH10001003: Autocommit mode: false
2023-01-16 06:18:10,212 INFO org.hibernate.engine.jdbc.connections.internal.DriverManagerConnectionProviderImpl [scheduling-1] HHH000115: Hibernate connection pool size: 20 (min=1)
2023-01-16 06:18:10,277 INFO org.hibernate.dialect.Dialect [scheduling-1] HHH000400: Using dialect: org.hibernate.dialect.PostgreSQL95Dialect
2023-01-16 06:18:10,312 WARN org.hibernate.engine.jdbc.spi.SqlExceptionHelper [scheduling-1] SQL Error: 0, SQLState: 42701
2023-01-16 06:18:10,312 ERROR org.hibernate.engine.jdbc.spi.SqlExceptionHelper [scheduling-1] ERROR: column "date_16_01_2023" of relation "data_base_quest" already exists
2023-01-16 06:18:10,313 INFO com.testSpringBoot.SpringDemoBot.model.CreateDateColumn [scheduling-1] Проверка прошла успешно, столбец уже создан
2023-01-16 09:35:44,205 INFO org.telegram.telegrambots.updatesreceivers.DefaultBotSession [vazhnov_test_1_bot Telegram Connection] Read timed out
java.net.SocketTimeoutException: Read timed out
	at java.base/sun.nio.ch.NioSocketImpl.timedRead(NioSocketImpl.java:283)
	at java.base/sun.nio.ch.NioSocketImpl.implRead(NioSocketImpl.java:309)
	at java.base/sun.nio.ch.NioSocketImpl.read(NioSocketImpl.java:350)
	at java.base/sun.nio.ch.NioSocketImpl$1.read(NioSocketImpl.java:803)
	at java.base/java.net.Socket$SocketInputStream.read(Socket.java:966)
	at java.base/sun.security.ssl.SSLSocketInputRecord.read(SSLSocketInputRecord.java:478)
	at java.base/sun.security.ssl.SSLSocketInputRecord.readHeader(SSLSocketInputRecord.java:472)
	at java.base/sun.security.ssl.SSLSocketInputRecord.bytesInCompletePacket(SSLSocketInputRecord.java:70)
	at java.base/sun.security.ssl.SSLSocketImpl.readApplicationRecord(SSLSocketImpl.java:1460)
	at java.base/sun.security.ssl.SSLSocketImpl$AppInputStream.read(SSLSocketImpl.java:1064)
	at org.apache.http.impl.io.SessionInputBufferImpl.streamRead(SessionInputBufferImpl.java:137)
	at org.apache.http.impl.io.SessionInputBufferImpl.fillBuffer(SessionInputBufferImpl.java:153)
	at org.apache.http.impl.io.SessionInputBufferImpl.readLine(SessionInputBufferImpl.java:280)
	at org.apache.http.impl.conn.DefaultHttpResponseParser.parseHead(DefaultHttpResponseParser.java:138)
	at org.apache.http.impl.conn.DefaultHttpResponseParser.parseHead(DefaultHttpResponseParser.java:56)
	at org.apache.http.impl.io.AbstractMessageParser.parse(AbstractMessageParser.java:259)
	at org.apache.http.impl.DefaultBHttpClientConnection.receiveResponseHeader(DefaultBHttpClientConnection.java:163)
	at org.apache.http.impl.conn.CPoolProxy.receiveResponseHeader(CPoolProxy.java:157)
	at org.apache.http.protocol.HttpRequestExecutor.doReceiveResponse(HttpRequestExecutor.java:273)
	at org.apache.http.protocol.HttpRequestExecutor.execute(HttpRequestExecutor.java:125)
	at org.apache.http.impl.execchain.MainClientExec.execute(MainClientExec.java:272)
	at org.apache.http.impl.execchain.ProtocolExec.execute(ProtocolExec.java:186)
	at org.apache.http.impl.execchain.RetryExec.execute(RetryExec.java:89)
	at org.apache.http.impl.execchain.RedirectExec.execute(RedirectExec.java:110)
	at org.apache.http.impl.client.InternalHttpClient.doExecute(InternalHttpClient.java:185)
	at org.apache.http.impl.client.CloseableHttpClient.execute(CloseableHttpClient.java:83)
	at org.telegram.telegrambots.updatesreceivers.DefaultBotSession$ReaderThread.getUpdatesFromServer(DefaultBotSession.java:250)
	at org.telegram.telegrambots.updatesreceivers.DefaultBotSession$ReaderThread.run(DefaultBotSession.java:189)
2023-01-16 12:04:02,829 WARN org.hibernate.orm.connections.pooling [scheduling-1] HHH10001002: Using Hibernate built-in connection pool (not for production use!)
2023-01-16 12:04:02,831 INFO org.hibernate.orm.connections.pooling [scheduling-1] HHH10001005: using driver [org.postgresql.Driver] at URL [jdbc:postgresql://localhost:5432/BalanceWheel]
2023-01-16 12:04:02,831 INFO org.hibernate.orm.connections.pooling [scheduling-1] HHH10001001: Connection properties: {password=****, user=NikToRozeo}
2023-01-16 12:04:02,831 INFO org.hibernate.orm.connections.pooling [scheduling-1] HHH10001003: Autocommit mode: false
2023-01-16 12:04:02,831 INFO org.hibernate.engine.jdbc.connections.internal.DriverManagerConnectionProviderImpl [scheduling-1] HHH000115: Hibernate connection pool size: 20 (min=1)
2023-01-16 12:04:02,946 INFO org.hibernate.dialect.Dialect [scheduling-1] HHH000400: Using dialect: org.hibernate.dialect.PostgreSQL95Dialect
2023-01-16 12:04:02,979 WARN org.hibernate.engine.jdbc.spi.SqlExceptionHelper [scheduling-1] SQL Error: 0, SQLState: 42701
2023-01-16 12:04:02,979 ERROR org.hibernate.engine.jdbc.spi.SqlExceptionHelper [scheduling-1] ERROR: column "date_16_01_2023" of relation "data_base_quest" already exists
2023-01-16 12:04:02,979 INFO com.testSpringBoot.SpringDemoBot.model.CreateDateColumn [scheduling-1] Проверка прошла успешно, столбец уже создан
2023-01-16 12:21:24,166 INFO org.telegram.telegrambots.updatesreceivers.DefaultBotSession [vazhnov_test_1_bot Telegram Connection] Read timed out
java.net.SocketTimeoutException: Read timed out
	at java.base/sun.nio.ch.NioSocketImpl.timedRead(NioSocketImpl.java:283)
	at java.base/sun.nio.ch.NioSocketImpl.implRead(NioSocketImpl.java:309)
	at java.base/sun.nio.ch.NioSocketImpl.read(NioSocketImpl.java:350)
	at java.base/sun.nio.ch.NioSocketImpl$1.read(NioSocketImpl.java:803)
	at java.base/java.net.Socket$SocketInputStream.read(Socket.java:966)
	at java.base/sun.security.ssl.SSLSocketInputRecord.read(SSLSocketInputRecord.java:478)
	at java.base/sun.security.ssl.SSLSocketInputRecord.readHeader(SSLSocketInputRecord.java:472)
	at java.base/sun.security.ssl.SSLSocketInputRecord.bytesInCompletePacket(SSLSocketInputRecord.java:70)
	at java.base/sun.security.ssl.SSLSocketImpl.readApplicationRecord(SSLSocketImpl.java:1460)
	at java.base/sun.security.ssl.SSLSocketImpl$AppInputStream.read(SSLSocketImpl.java:1064)
	at org.apache.http.impl.io.SessionInputBufferImpl.streamRead(SessionInputBufferImpl.java:137)
	at org.apache.http.impl.io.SessionInputBufferImpl.fillBuffer(SessionInputBufferImpl.java:153)
	at org.apache.http.impl.io.SessionInputBufferImpl.readLine(SessionInputBufferImpl.java:280)
	at org.apache.http.impl.conn.DefaultHttpResponseParser.parseHead(DefaultHttpResponseParser.java:138)
	at org.apache.http.impl.conn.DefaultHttpResponseParser.parseHead(DefaultHttpResponseParser.java:56)
	at org.apache.http.impl.io.AbstractMessageParser.parse(AbstractMessageParser.java:259)
	at org.apache.http.impl.DefaultBHttpClientConnection.receiveResponseHeader(DefaultBHttpClientConnection.java:163)
	at org.apache.http.impl.conn.CPoolProxy.receiveResponseHeader(CPoolProxy.java:157)
	at org.apache.http.protocol.HttpRequestExecutor.doReceiveResponse(HttpRequestExecutor.java:273)
	at org.apache.http.protocol.HttpRequestExecutor.execute(HttpRequestExecutor.java:125)
	at org.apache.http.impl.execchain.MainClientExec.execute(MainClientExec.java:272)
	at org.apache.http.impl.execchain.ProtocolExec.execute(ProtocolExec.java:186)
	at org.apache.http.impl.execchain.RetryExec.execute(RetryExec.java:89)
	at org.apache.http.impl.execchain.RedirectExec.execute(RedirectExec.java:110)
	at org.apache.http.impl.client.InternalHttpClient.doExecute(InternalHttpClient.java:185)
	at org.apache.http.impl.client.CloseableHttpClient.execute(CloseableHttpClient.java:83)
	at org.telegram.telegrambots.updatesreceivers.DefaultBotSession$ReaderThread.getUpdatesFromServer(DefaultBotSession.java:250)
	at org.telegram.telegrambots.updatesreceivers.DefaultBotSession$ReaderThread.run(DefaultBotSession.java:189)
2023-01-16 12:25:27,890 WARN org.hibernate.orm.connections.pooling [scheduling-1] HHH10001002: Using Hibernate built-in connection pool (not for production use!)
2023-01-16 12:25:27,892 INFO org.hibernate.orm.connections.pooling [scheduling-1] HHH10001005: using driver [org.postgresql.Driver] at URL [jdbc:postgresql://localhost:5432/BalanceWheel]
2023-01-16 12:25:27,892 INFO org.hibernate.orm.connections.pooling [scheduling-1] HHH10001001: Connection properties: {password=****, user=NikToRozeo}
2023-01-16 12:25:27,892 INFO org.hibernate.orm.connections.pooling [scheduling-1] HHH10001003: Autocommit mode: false
2023-01-16 12:25:27,892 INFO org.hibernate.engine.jdbc.connections.internal.DriverManagerConnectionProviderImpl [scheduling-1] HHH000115: Hibernate connection pool size: 20 (min=1)
2023-01-16 12:25:27,956 INFO org.hibernate.dialect.Dialect [scheduling-1] HHH000400: Using dialect: org.hibernate.dialect.PostgreSQL95Dialect
2023-01-16 12:25:28,011 WARN org.hibernate.engine.jdbc.spi.SqlExceptionHelper [scheduling-1] SQL Error: 0, SQLState: 42701
2023-01-16 12:25:28,011 ERROR org.hibernate.engine.jdbc.spi.SqlExceptionHelper [scheduling-1] ERROR: column "date_16_01_2023" of relation "data_base_quest" already exists
2023-01-16 12:25:28,011 INFO com.testSpringBoot.SpringDemoBot.model.CreateDateColumn [scheduling-1] Проверка прошла успешно, столбец уже создан
2023-01-16 12:30:00,041 WARN org.hibernate.orm.connections.pooling [scheduling-1] HHH10001002: Using Hibernate built-in connection pool (not for production use!)
2023-01-16 12:30:00,042 INFO org.hibernate.orm.connections.pooling [scheduling-1] HHH10001005: using driver [org.postgresql.Driver] at URL [jdbc:postgresql://localhost:5432/BalanceWheel]
2023-01-16 12:30:00,042 INFO org.hibernate.orm.connections.pooling [scheduling-1] HHH10001001: Connection properties: {password=****, user=NikToRozeo}
2023-01-16 12:30:00,043 INFO org.hibernate.orm.connections.pooling [scheduling-1] HHH10001003: Autocommit mode: false
2023-01-16 12:30:00,043 INFO org.hibernate.engine.jdbc.connections.internal.DriverManagerConnectionProviderImpl [scheduling-1] HHH000115: Hibernate connection pool size: 20 (min=1)
2023-01-16 12:30:00,078 INFO org.hibernate.dialect.Dialect [scheduling-1] HHH000400: Using dialect: org.hibernate.dialect.PostgreSQL95Dialect
2023-01-16 12:30:00,097 WARN org.hibernate.engine.jdbc.spi.SqlExceptionHelper [scheduling-1] SQL Error: 0, SQLState: 42701
2023-01-16 12:30:00,097 ERROR org.hibernate.engine.jdbc.spi.SqlExceptionHelper [scheduling-1] ERROR: column "date_16_01_2023" of relation "data_base_quest" already exists
2023-01-16 12:30:00,097 INFO com.testSpringBoot.SpringDemoBot.model.CreateDateColumn [scheduling-1] Проверка прошла успешно, столбец уже создан
2023-01-16 12:37:00,032 INFO com.testSpringBoot.SpringDemoBot.service.TelegramBot [scheduling-1] Время cron соответствует текущему времени
2023-01-16 12:37:00,037 INFO com.testSpringBoot.SpringDemoBot.service.TelegramBot [scheduling-1] Выполнение запроса для получения квеста
2023-01-16 12:37:00,062 INFO com.testSpringBoot.SpringDemoBot.service.TelegramBot [scheduling-1] quest = [Как друзья?, Как крастота?, Семья?]
2023-01-16 12:37:48,242 INFO org.springframework.orm.jpa.LocalContainerEntityManagerFactoryBean [SpringApplicationShutdownHook] Closing JPA EntityManagerFactory for persistence unit 'default'
2023-01-16 12:45:39,689 INFO com.testSpringBoot.SpringDemoBot.SpringDemoBotApplication [main] Starting SpringDemoBotApplication using Java 17.0.5 on MacBook-Pro-Pavel.local with PID 11531 (/Users/fortex/Documents/GitHub/WheelBalanceGitHub/target/classes started by fortex in /Users/fortex/Documents/GitHub/WheelBalanceGitHub)
2023-01-16 12:45:39,690 INFO com.testSpringBoot.SpringDemoBot.SpringDemoBotApplication [main] No active profile set, falling back to 1 default profile: "default"
2023-01-16 12:45:39,921 INFO org.springframework.data.repository.config.RepositoryConfigurationDelegate [main] Bootstrapping Spring Data JPA repositories in DEFAULT mode.
2023-01-16 12:45:39,945 INFO org.springframework.data.repository.config.RepositoryConfigurationDelegate [main] Finished Spring Data repository scanning in 20 ms. Found 3 JPA repository interfaces.
2023-01-16 12:45:40,023 INFO com.testSpringBoot.SpringDemoBot.config.JdbcConfig [main] Creating DataSource bean
2023-01-16 12:45:40,070 INFO org.hibernate.jpa.internal.util.LogHelper [main] HHH000204: Processing PersistenceUnitInfo [name: default]
2023-01-16 12:45:40,088 INFO org.hibernate.Version [main] HHH000412: Hibernate ORM core version 5.6.14.Final
2023-01-16 12:45:40,157 INFO org.hibernate.annotations.common.Version [main] HCANN000001: Hibernate Commons Annotations {5.1.2.Final}
2023-01-16 12:45:40,362 INFO org.hibernate.dialect.Dialect [main] HHH000400: Using dialect: org.hibernate.dialect.PostgreSQLDialect
2023-01-16 12:45:40,473 WARN org.hibernate.mapping.RootClass [main] HHH000038: Composite-id class does not override equals(): com.testSpringBoot.SpringDemoBot.model.DataBaseQuestId
2023-01-16 12:45:40,473 WARN org.hibernate.mapping.RootClass [main] HHH000039: Composite-id class does not override hashCode(): com.testSpringBoot.SpringDemoBot.model.DataBaseQuestId
2023-01-16 12:45:40,615 INFO org.hibernate.engine.transaction.jta.platform.internal.JtaPlatformInitiator [main] HHH000490: Using JtaPlatform implementation: [org.hibernate.engine.transaction.jta.platform.internal.NoJtaPlatform]
2023-01-16 12:45:40,619 INFO org.springframework.orm.jpa.LocalContainerEntityManagerFactoryBean [main] Initialized JPA EntityManagerFactory for persistence unit 'default'
2023-01-16 12:45:41,238 ERROR com.testSpringBoot.SpringDemoBot.service.TelegramBot [main] Error setting bots command listError executing org.telegram.telegrambots.meta.api.methods.commands.SetMyCommands query: [400] Bad Request: BOT_COMMAND_INVALID
2023-01-16 12:45:41,363 INFO com.testSpringBoot.SpringDemoBot.config.JdbcConfig [main] Creating JdbcTemplate bean
2023-01-16 12:45:41,505 INFO com.testSpringBoot.SpringDemoBot.SpringDemoBotApplication [main] Started SpringDemoBotApplication in 2.138 seconds (JVM running for 2.563)
2023-01-16 12:45:53,023 INFO com.testSpringBoot.SpringDemoBot.service.TelegramBot [vazhnov_test_1_bot Telegram Executor] Пользователь ввел время для вопросов
2023-01-16 12:45:54,530 INFO com.testSpringBoot.SpringDemoBot.service.TelegramBot [vazhnov_test_1_bot Telegram Executor] Пользователь ввел корректные данные
2023-01-16 12:45:54,531 ERROR com.testSpringBoot.SpringDemoBot.service.TelegramBot [vazhnov_test_1_bot Telegram Executor] * 46 12 * * *
2023-01-16 12:45:54,645 INFO com.testSpringBoot.SpringDemoBot.service.TelegramBot [vazhnov_test_1_bot Telegram Executor] Добавили время в базу данныхUser{chatId=350511326, firstName='Pavel', lastName='Vazhnov', userName='@pavel_fortex', registeredAt=2023-01-11 11:19:16.41, timeToQuestions=* 46 12 * * *, numberWheelId=null}
2023-01-16 12:45:54,801 INFO com.testSpringBoot.SpringDemoBot.service.TelegramBot [vazhnov_test_1_bot Telegram Executor] Пользователь обновил время получения вопросов com.testSpringBoot.SpringDemoBot.model.DataBaseQuest@285092be
2023-01-16 12:46:00,097 INFO com.testSpringBoot.SpringDemoBot.service.TelegramBot [scheduling-1] Время cron соответствует текущему времени
2023-01-16 12:46:00,097 INFO com.testSpringBoot.SpringDemoBot.service.TelegramBot [scheduling-1] Выполнение запроса для получения квеста
2023-01-16 12:46:00,135 INFO com.testSpringBoot.SpringDemoBot.service.TelegramBot [scheduling-1] quest = [Как работа?, Как здоровье?]
2023-01-16 12:46:08,129 INFO com.testSpringBoot.SpringDemoBot.service.TelegramBot [vazhnov_test_1_bot Telegram Executor] Солнце  я тут c 350511326Как работа?2
2023-01-16 12:50:00,210 WARN org.hibernate.orm.connections.pooling [scheduling-1] HHH10001002: Using Hibernate built-in connection pool (not for production use!)
2023-01-16 12:50:00,211 INFO org.hibernate.orm.connections.pooling [scheduling-1] HHH10001005: using driver [org.postgresql.Driver] at URL [jdbc:postgresql://localhost:5432/BalanceWheel]
2023-01-16 12:50:00,211 INFO org.hibernate.orm.connections.pooling [scheduling-1] HHH10001001: Connection properties: {password=****, user=NikToRozeo}
2023-01-16 12:50:00,211 INFO org.hibernate.orm.connections.pooling [scheduling-1] HHH10001003: Autocommit mode: false
2023-01-16 12:50:00,214 INFO org.hibernate.engine.jdbc.connections.internal.DriverManagerConnectionProviderImpl [scheduling-1] HHH000115: Hibernate connection pool size: 20 (min=1)
2023-01-16 12:50:00,272 INFO org.hibernate.dialect.Dialect [scheduling-1] HHH000400: Using dialect: org.hibernate.dialect.PostgreSQL95Dialect
2023-01-16 12:50:00,331 WARN org.hibernate.engine.jdbc.spi.SqlExceptionHelper [scheduling-1] SQL Error: 0, SQLState: 42701
2023-01-16 12:50:00,331 ERROR org.hibernate.engine.jdbc.spi.SqlExceptionHelper [scheduling-1] ERROR: column "date_16_01_2023" of relation "data_base_quest" already exists
2023-01-16 12:50:00,334 INFO com.testSpringBoot.SpringDemoBot.model.CreateDateColumn [scheduling-1] Проверка прошла успешно, столбец уже создан
2023-01-16 13:00:00,085 WARN org.hibernate.orm.connections.pooling [scheduling-1] HHH10001002: Using Hibernate built-in connection pool (not for production use!)
2023-01-16 13:00:00,087 INFO org.hibernate.orm.connections.pooling [scheduling-1] HHH10001005: using driver [org.postgresql.Driver] at URL [jdbc:postgresql://localhost:5432/BalanceWheel]
2023-01-16 13:00:00,088 INFO org.hibernate.orm.connections.pooling [scheduling-1] HHH10001001: Connection properties: {password=****, user=NikToRozeo}
2023-01-16 13:00:00,088 INFO org.hibernate.orm.connections.pooling [scheduling-1] HHH10001003: Autocommit mode: false
2023-01-16 13:00:00,088 INFO org.hibernate.engine.jdbc.connections.internal.DriverManagerConnectionProviderImpl [scheduling-1] HHH000115: Hibernate connection pool size: 20 (min=1)
2023-01-16 13:00:00,225 INFO org.hibernate.dialect.Dialect [scheduling-1] HHH000400: Using dialect: org.hibernate.dialect.PostgreSQL95Dialect
2023-01-16 13:00:00,257 WARN org.hibernate.engine.jdbc.spi.SqlExceptionHelper [scheduling-1] SQL Error: 0, SQLState: 42701
2023-01-16 13:00:00,258 ERROR org.hibernate.engine.jdbc.spi.SqlExceptionHelper [scheduling-1] ERROR: column "date_16_01_2023" of relation "data_base_quest" already exists
2023-01-16 13:00:00,258 INFO com.testSpringBoot.SpringDemoBot.model.CreateDateColumn [scheduling-1] Проверка прошла успешно, столбец уже создан
2023-01-16 13:10:00,119 WARN org.hibernate.orm.connections.pooling [scheduling-1] HHH10001002: Using Hibernate built-in connection pool (not for production use!)
2023-01-16 13:10:00,121 INFO org.hibernate.orm.connections.pooling [scheduling-1] HHH10001005: using driver [org.postgresql.Driver] at URL [jdbc:postgresql://localhost:5432/BalanceWheel]
2023-01-16 13:10:00,122 INFO org.hibernate.orm.connections.pooling [scheduling-1] HHH10001001: Connection properties: {password=****, user=NikToRozeo}
2023-01-16 13:10:00,122 INFO org.hibernate.orm.connections.pooling [scheduling-1] HHH10001003: Autocommit mode: false
2023-01-16 13:10:00,122 INFO org.hibernate.engine.jdbc.connections.internal.DriverManagerConnectionProviderImpl [scheduling-1] HHH000115: Hibernate connection pool size: 20 (min=1)
2023-01-16 13:10:00,185 INFO org.hibernate.dialect.Dialect [scheduling-1] HHH000400: Using dialect: org.hibernate.dialect.PostgreSQL95Dialect
2023-01-16 13:10:00,225 WARN org.hibernate.engine.jdbc.spi.SqlExceptionHelper [scheduling-1] SQL Error: 0, SQLState: 42701
2023-01-16 13:10:00,225 ERROR org.hibernate.engine.jdbc.spi.SqlExceptionHelper [scheduling-1] ERROR: column "date_16_01_2023" of relation "data_base_quest" already exists
2023-01-16 13:10:00,225 INFO com.testSpringBoot.SpringDemoBot.model.CreateDateColumn [scheduling-1] Проверка прошла успешно, столбец уже создан
2023-01-16 13:21:49,347 INFO org.springframework.orm.jpa.LocalContainerEntityManagerFactoryBean [SpringApplicationShutdownHook] Closing JPA EntityManagerFactory for persistence unit 'default'
2023-01-16 13:21:56,488 INFO com.testSpringBoot.SpringDemoBot.SpringDemoBotApplication [main] Starting SpringDemoBotApplication using Java 17.0.5 on MacBook-Pro-Pavel.local with PID 11953 (/Users/fortex/Documents/GitHub/WheelBalanceGitHub/target/classes started by fortex in /Users/fortex/Documents/GitHub/WheelBalanceGitHub)
2023-01-16 13:21:56,489 INFO com.testSpringBoot.SpringDemoBot.SpringDemoBotApplication [main] No active profile set, falling back to 1 default profile: "default"
2023-01-16 13:21:56,766 INFO org.springframework.data.repository.config.RepositoryConfigurationDelegate [main] Bootstrapping Spring Data JPA repositories in DEFAULT mode.
2023-01-16 13:21:56,788 INFO org.springframework.data.repository.config.RepositoryConfigurationDelegate [main] Finished Spring Data repository scanning in 17 ms. Found 3 JPA repository interfaces.
2023-01-16 13:21:56,871 INFO com.testSpringBoot.SpringDemoBot.config.JdbcConfig [main] Creating DataSource bean
2023-01-16 13:21:56,920 INFO org.hibernate.jpa.internal.util.LogHelper [main] HHH000204: Processing PersistenceUnitInfo [name: default]
2023-01-16 13:21:56,948 INFO org.hibernate.Version [main] HHH000412: Hibernate ORM core version 5.6.14.Final
2023-01-16 13:21:57,014 INFO org.hibernate.annotations.common.Version [main] HCANN000001: Hibernate Commons Annotations {5.1.2.Final}
2023-01-16 13:21:57,243 INFO org.hibernate.dialect.Dialect [main] HHH000400: Using dialect: org.hibernate.dialect.PostgreSQLDialect
2023-01-16 13:21:57,397 WARN org.hibernate.mapping.RootClass [main] HHH000038: Composite-id class does not override equals(): com.testSpringBoot.SpringDemoBot.model.DataBaseQuestId
2023-01-16 13:21:57,397 WARN org.hibernate.mapping.RootClass [main] HHH000039: Composite-id class does not override hashCode(): com.testSpringBoot.SpringDemoBot.model.DataBaseQuestId
2023-01-16 13:21:57,598 INFO org.hibernate.engine.transaction.jta.platform.internal.JtaPlatformInitiator [main] HHH000490: Using JtaPlatform implementation: [org.hibernate.engine.transaction.jta.platform.internal.NoJtaPlatform]
2023-01-16 13:21:57,602 INFO org.springframework.orm.jpa.LocalContainerEntityManagerFactoryBean [main] Initialized JPA EntityManagerFactory for persistence unit 'default'
2023-01-16 13:21:58,230 ERROR com.testSpringBoot.SpringDemoBot.service.TelegramBot [main] Error setting bots command listError executing org.telegram.telegrambots.meta.api.methods.commands.SetMyCommands query: [400] Bad Request: BOT_COMMAND_INVALID
2023-01-16 13:21:58,367 INFO com.testSpringBoot.SpringDemoBot.config.JdbcConfig [main] Creating JdbcTemplate bean
2023-01-16 13:21:58,508 INFO com.testSpringBoot.SpringDemoBot.SpringDemoBotApplication [main] Started SpringDemoBotApplication in 2.234 seconds (JVM running for 2.653)
2023-01-16 13:22:09,310 INFO com.testSpringBoot.SpringDemoBot.service.TelegramBot [vazhnov_test_1_bot Telegram Executor] Пользователь ввел время для вопросов
2023-01-16 13:22:10,876 INFO com.testSpringBoot.SpringDemoBot.service.TelegramBot [vazhnov_test_1_bot Telegram Executor] Пользователь ввел корректные данные
2023-01-16 13:22:10,876 ERROR com.testSpringBoot.SpringDemoBot.service.TelegramBot [vazhnov_test_1_bot Telegram Executor] * 23 13 * * *
2023-01-16 13:22:10,956 INFO com.testSpringBoot.SpringDemoBot.service.TelegramBot [vazhnov_test_1_bot Telegram Executor] Добавили время в базу данныхUser{chatId=350511326, firstName='Pavel', lastName='Vazhnov', userName='@pavel_fortex', registeredAt=2023-01-11 11:19:16.41, timeToQuestions=* 23 13 * * *, numberWheelId=null}
2023-01-16 13:22:11,442 INFO com.testSpringBoot.SpringDemoBot.service.TelegramBot [vazhnov_test_1_bot Telegram Executor] Пользователь обновил время получения вопросов com.testSpringBoot.SpringDemoBot.model.DataBaseQuest@2181be0
2023-01-16 13:23:00,058 INFO com.testSpringBoot.SpringDemoBot.service.TelegramBot [scheduling-1] Время cron соответствует текущему времени
2023-01-16 13:23:00,059 INFO com.testSpringBoot.SpringDemoBot.service.TelegramBot [scheduling-1] Выполнение запроса для получения квеста
2023-01-16 13:23:00,088 INFO com.testSpringBoot.SpringDemoBot.service.TelegramBot [scheduling-1] quest = [Как здоровье?]
2023-01-16 13:23:06,273 INFO com.testSpringBoot.SpringDemoBot.service.TelegramBot [vazhnov_test_1_bot Telegram Executor] Солнце  я тут c 350511326Как здоровье?10
2023-01-16 13:23:06,356 INFO com.testSpringBoot.SpringDemoBot.service.TelegramBot [vazhnov_test_1_bot Telegram Executor] Выполнение запроса для получения квеста
2023-01-16 13:23:06,358 INFO com.testSpringBoot.SpringDemoBot.service.TelegramBot [vazhnov_test_1_bot Telegram Executor] quest = [Как крастота?]
2023-01-16 13:23:13,450 INFO com.testSpringBoot.SpringDemoBot.service.TelegramBot [vazhnov_test_1_bot Telegram Executor] Солнце  я тут c 350511326Как крастота?8
2023-01-16 13:23:13,461 INFO com.testSpringBoot.SpringDemoBot.service.TelegramBot [vazhnov_test_1_bot Telegram Executor] Выполнение запроса для получения квеста
2023-01-16 13:23:13,462 INFO com.testSpringBoot.SpringDemoBot.service.TelegramBot [vazhnov_test_1_bot Telegram Executor] quest = [Как отношения?]
2023-01-16 13:23:16,938 INFO com.testSpringBoot.SpringDemoBot.service.TelegramBot [vazhnov_test_1_bot Telegram Executor] Солнце  я тут c 350511326Как отношения?3
2023-01-16 13:23:16,942 INFO com.testSpringBoot.SpringDemoBot.service.TelegramBot [vazhnov_test_1_bot Telegram Executor] Выполнение запроса для получения квеста
2023-01-16 13:23:16,943 INFO com.testSpringBoot.SpringDemoBot.service.TelegramBot [vazhnov_test_1_bot Telegram Executor] quest = [Как вещи?]
2023-01-16 13:23:19,610 INFO com.testSpringBoot.SpringDemoBot.service.TelegramBot [vazhnov_test_1_bot Telegram Executor] Солнце  я тут c 350511326Как вещи?7
2023-01-16 13:23:19,619 INFO com.testSpringBoot.SpringDemoBot.service.TelegramBot [vazhnov_test_1_bot Telegram Executor] Выполнение запроса для получения квеста
2023-01-16 13:23:19,637 INFO com.testSpringBoot.SpringDemoBot.service.TelegramBot [vazhnov_test_1_bot Telegram Executor] quest = [Как друзья?]
2023-01-16 13:23:22,387 INFO com.testSpringBoot.SpringDemoBot.service.TelegramBot [vazhnov_test_1_bot Telegram Executor] Солнце  я тут c 350511326Как друзья?4
2023-01-16 13:23:22,390 INFO com.testSpringBoot.SpringDemoBot.service.TelegramBot [vazhnov_test_1_bot Telegram Executor] Выполнение запроса для получения квеста
2023-01-16 13:23:22,391 INFO com.testSpringBoot.SpringDemoBot.service.TelegramBot [vazhnov_test_1_bot Telegram Executor] quest = [Саморазвитие?]
2023-01-16 13:23:24,671 INFO com.testSpringBoot.SpringDemoBot.service.TelegramBot [vazhnov_test_1_bot Telegram Executor] Солнце  я тут c 350511326Саморазвитие?2
2023-01-16 13:23:24,678 INFO com.testSpringBoot.SpringDemoBot.service.TelegramBot [vazhnov_test_1_bot Telegram Executor] Выполнение запроса для получения квеста
2023-01-16 13:23:24,679 INFO com.testSpringBoot.SpringDemoBot.service.TelegramBot [vazhnov_test_1_bot Telegram Executor] quest = [Как работа?]
2023-01-16 13:23:30,409 INFO com.testSpringBoot.SpringDemoBot.service.TelegramBot [vazhnov_test_1_bot Telegram Executor] Солнце  я тут c 350511326Как работа?9
2023-01-16 13:23:30,412 INFO com.testSpringBoot.SpringDemoBot.service.TelegramBot [vazhnov_test_1_bot Telegram Executor] Выполнение запроса для получения квеста
2023-01-16 13:23:30,413 INFO com.testSpringBoot.SpringDemoBot.service.TelegramBot [vazhnov_test_1_bot Telegram Executor] quest = []
2023-01-16 13:30:00,306 WARN org.hibernate.orm.connections.pooling [scheduling-1] HHH10001002: Using Hibernate built-in connection pool (not for production use!)
2023-01-16 13:30:00,307 INFO org.hibernate.orm.connections.pooling [scheduling-1] HHH10001005: using driver [org.postgresql.Driver] at URL [jdbc:postgresql://localhost:5432/BalanceWheel]
2023-01-16 13:30:00,307 INFO org.hibernate.orm.connections.pooling [scheduling-1] HHH10001001: Connection properties: {password=****, user=NikToRozeo}
2023-01-16 13:30:00,307 INFO org.hibernate.orm.connections.pooling [scheduling-1] HHH10001003: Autocommit mode: false
2023-01-16 13:30:00,309 INFO org.hibernate.engine.jdbc.connections.internal.DriverManagerConnectionProviderImpl [scheduling-1] HHH000115: Hibernate connection pool size: 20 (min=1)
2023-01-16 13:30:00,364 INFO org.hibernate.dialect.Dialect [scheduling-1] HHH000400: Using dialect: org.hibernate.dialect.PostgreSQL95Dialect
2023-01-16 13:30:00,426 WARN org.hibernate.engine.jdbc.spi.SqlExceptionHelper [scheduling-1] SQL Error: 0, SQLState: 42701
2023-01-16 13:30:00,427 ERROR org.hibernate.engine.jdbc.spi.SqlExceptionHelper [scheduling-1] ERROR: column "date_16_01_2023" of relation "data_base_quest" already exists
2023-01-16 13:30:00,432 INFO com.testSpringBoot.SpringDemoBot.model.CreateDateColumn [scheduling-1] Проверка прошла успешно, столбец уже создан
2023-01-16 13:37:00,040 INFO com.testSpringBoot.SpringDemoBot.service.TelegramBot [scheduling-1] Время cron соответствует текущему времени
2023-01-16 13:37:00,045 INFO com.testSpringBoot.SpringDemoBot.service.TelegramBot [scheduling-1] Выполнение запроса для получения квеста
2023-01-16 13:37:00,080 INFO com.testSpringBoot.SpringDemoBot.service.TelegramBot [scheduling-1] quest = [Саморазвитие?]
2023-01-16 13:40:00,089 WARN org.hibernate.orm.connections.pooling [scheduling-1] HHH10001002: Using Hibernate built-in connection pool (not for production use!)
2023-01-16 13:40:00,092 INFO org.hibernate.orm.connections.pooling [scheduling-1] HHH10001005: using driver [org.postgresql.Driver] at URL [jdbc:postgresql://localhost:5432/BalanceWheel]
2023-01-16 13:40:00,092 INFO org.hibernate.orm.connections.pooling [scheduling-1] HHH10001001: Connection properties: {password=****, user=NikToRozeo}
2023-01-16 13:40:00,092 INFO org.hibernate.orm.connections.pooling [scheduling-1] HHH10001003: Autocommit mode: false
2023-01-16 13:40:00,094 INFO org.hibernate.engine.jdbc.connections.internal.DriverManagerConnectionProviderImpl [scheduling-1] HHH000115: Hibernate connection pool size: 20 (min=1)
2023-01-16 13:40:00,138 INFO org.hibernate.dialect.Dialect [scheduling-1] HHH000400: Using dialect: org.hibernate.dialect.PostgreSQL95Dialect
2023-01-16 13:40:00,176 WARN org.hibernate.engine.jdbc.spi.SqlExceptionHelper [scheduling-1] SQL Error: 0, SQLState: 42701
2023-01-16 13:40:00,176 ERROR org.hibernate.engine.jdbc.spi.SqlExceptionHelper [scheduling-1] ERROR: column "date_16_01_2023" of relation "data_base_quest" already exists
2023-01-16 13:40:00,177 INFO com.testSpringBoot.SpringDemoBot.model.CreateDateColumn [scheduling-1] Проверка прошла успешно, столбец уже создан
2023-01-16 13:46:43,540 INFO org.springframework.orm.jpa.LocalContainerEntityManagerFactoryBean [SpringApplicationShutdownHook] Closing JPA EntityManagerFactory for persistence unit 'default'
2023-01-16 13:46:47,950 INFO com.testSpringBoot.SpringDemoBot.SpringDemoBotApplication [main] Starting SpringDemoBotApplication using Java 17.0.5 on MacBook-Pro-Pavel.local with PID 12140 (/Users/fortex/Documents/GitHub/WheelBalanceGitHub/target/classes started by fortex in /Users/fortex/Documents/GitHub/WheelBalanceGitHub)
2023-01-16 13:46:47,951 INFO com.testSpringBoot.SpringDemoBot.SpringDemoBotApplication [main] No active profile set, falling back to 1 default profile: "default"
2023-01-16 13:46:48,268 INFO org.springframework.data.repository.config.RepositoryConfigurationDelegate [main] Bootstrapping Spring Data JPA repositories in DEFAULT mode.
2023-01-16 13:46:48,330 INFO org.springframework.data.repository.config.RepositoryConfigurationDelegate [main] Finished Spring Data repository scanning in 54 ms. Found 3 JPA repository interfaces.
2023-01-16 13:46:48,537 INFO com.testSpringBoot.SpringDemoBot.config.JdbcConfig [main] Creating DataSource bean
2023-01-16 13:46:48,637 INFO org.hibernate.jpa.internal.util.LogHelper [main] HHH000204: Processing PersistenceUnitInfo [name: default]
2023-01-16 13:46:48,679 INFO org.hibernate.Version [main] HHH000412: Hibernate ORM core version 5.6.14.Final
2023-01-16 13:46:48,822 INFO org.hibernate.annotations.common.Version [main] HCANN000001: Hibernate Commons Annotations {5.1.2.Final}
2023-01-16 13:46:49,068 INFO org.hibernate.dialect.Dialect [main] HHH000400: Using dialect: org.hibernate.dialect.PostgreSQLDialect
2023-01-16 13:46:49,208 WARN org.hibernate.mapping.RootClass [main] HHH000038: Composite-id class does not override equals(): com.testSpringBoot.SpringDemoBot.model.DataBaseQuestId
2023-01-16 13:46:49,208 WARN org.hibernate.mapping.RootClass [main] HHH000039: Composite-id class does not override hashCode(): com.testSpringBoot.SpringDemoBot.model.DataBaseQuestId
2023-01-16 13:46:49,352 INFO org.hibernate.engine.transaction.jta.platform.internal.JtaPlatformInitiator [main] HHH000490: Using JtaPlatform implementation: [org.hibernate.engine.transaction.jta.platform.internal.NoJtaPlatform]
2023-01-16 13:46:49,355 INFO org.springframework.orm.jpa.LocalContainerEntityManagerFactoryBean [main] Initialized JPA EntityManagerFactory for persistence unit 'default'
2023-01-16 13:46:49,935 ERROR com.testSpringBoot.SpringDemoBot.service.TelegramBot [main] Error setting bots command listError executing org.telegram.telegrambots.meta.api.methods.commands.SetMyCommands query: [400] Bad Request: BOT_COMMAND_INVALID
2023-01-16 13:46:50,052 INFO com.testSpringBoot.SpringDemoBot.config.JdbcConfig [main] Creating JdbcTemplate bean
2023-01-16 13:46:50,190 INFO com.testSpringBoot.SpringDemoBot.SpringDemoBotApplication [main] Started SpringDemoBotApplication in 2.495 seconds (JVM running for 2.819)
2023-01-16 13:47:22,853 INFO com.testSpringBoot.SpringDemoBot.service.TelegramBot [vazhnov_test_1_bot Telegram Executor] Пользователь ввел время для вопросов
2023-01-16 13:47:24,280 INFO com.testSpringBoot.SpringDemoBot.service.TelegramBot [vazhnov_test_1_bot Telegram Executor] Пользователь ввел корректные данные
2023-01-16 13:47:24,281 ERROR com.testSpringBoot.SpringDemoBot.service.TelegramBot [vazhnov_test_1_bot Telegram Executor] * 48 13 * * *
2023-01-16 13:47:24,359 INFO com.testSpringBoot.SpringDemoBot.service.TelegramBot [vazhnov_test_1_bot Telegram Executor] Добавили время в базу данныхUser{chatId=350511326, firstName='Pavel', lastName='Vazhnov', userName='@pavel_fortex', registeredAt=2023-01-11 11:19:16.41, timeToQuestions=* 48 13 * * *, numberWheelId=null}
2023-01-16 13:47:24,510 INFO com.testSpringBoot.SpringDemoBot.service.TelegramBot [vazhnov_test_1_bot Telegram Executor] Пользователь обновил время получения вопросов com.testSpringBoot.SpringDemoBot.model.DataBaseQuest@4f7217b2
2023-01-16 13:48:00,028 INFO com.testSpringBoot.SpringDemoBot.service.TelegramBot [scheduling-1] Время cron соответствует текущему времени
2023-01-16 13:48:00,029 INFO com.testSpringBoot.SpringDemoBot.service.TelegramBot [scheduling-1] Выполнение запроса для получения квеста
2023-01-16 13:48:00,054 INFO com.testSpringBoot.SpringDemoBot.service.TelegramBot [scheduling-1] quest = [Как отношения?]
2023-01-16 13:48:04,082 INFO com.testSpringBoot.SpringDemoBot.service.TelegramBot [vazhnov_test_1_bot Telegram Executor] Солнце  я тут c 350511326Как отношения?6
2023-01-16 13:48:04,092 INFO com.testSpringBoot.SpringDemoBot.service.TelegramBot [vazhnov_test_1_bot Telegram Executor] Выполнение запроса для получения квеста
2023-01-16 13:48:04,093 INFO com.testSpringBoot.SpringDemoBot.service.TelegramBot [vazhnov_test_1_bot Telegram Executor] quest = [Как здоровье?]
2023-01-16 13:48:06,644 INFO com.testSpringBoot.SpringDemoBot.service.TelegramBot [vazhnov_test_1_bot Telegram Executor] Солнце  я тут c 350511326Как здоровье?4
2023-01-16 13:48:06,651 INFO com.testSpringBoot.SpringDemoBot.service.TelegramBot [vazhnov_test_1_bot Telegram Executor] Выполнение запроса для получения квеста
2023-01-16 13:48:06,683 INFO com.testSpringBoot.SpringDemoBot.service.TelegramBot [vazhnov_test_1_bot Telegram Executor] quest = [Как работа?]
2023-01-16 13:48:08,668 INFO com.testSpringBoot.SpringDemoBot.service.TelegramBot [vazhnov_test_1_bot Telegram Executor] Солнце  я тут c 350511326Как работа?7
2023-01-16 13:48:08,670 INFO com.testSpringBoot.SpringDemoBot.service.TelegramBot [vazhnov_test_1_bot Telegram Executor] Выполнение запроса для получения квеста
2023-01-16 13:48:08,672 INFO com.testSpringBoot.SpringDemoBot.service.TelegramBot [vazhnov_test_1_bot Telegram Executor] quest = [Как вещи?]
2023-01-16 13:48:10,448 INFO com.testSpringBoot.SpringDemoBot.service.TelegramBot [vazhnov_test_1_bot Telegram Executor] Солнце  я тут c 350511326Как вещи?9
2023-01-16 13:48:10,453 INFO com.testSpringBoot.SpringDemoBot.service.TelegramBot [vazhnov_test_1_bot Telegram Executor] Выполнение запроса для получения квеста
2023-01-16 13:48:10,455 INFO com.testSpringBoot.SpringDemoBot.service.TelegramBot [vazhnov_test_1_bot Telegram Executor] quest = [Саморазвитие?]
2023-01-16 13:49:03,472 INFO com.testSpringBoot.SpringDemoBot.service.TelegramBot [vazhnov_test_1_bot Telegram Executor] Пользователь ввел время для вопросов
2023-01-16 13:49:06,630 INFO com.testSpringBoot.SpringDemoBot.service.TelegramBot [vazhnov_test_1_bot Telegram Executor] Пользователь ввел корректные данные
2023-01-16 13:49:06,630 ERROR com.testSpringBoot.SpringDemoBot.service.TelegramBot [vazhnov_test_1_bot Telegram Executor] * 50 13 * * *
2023-01-16 13:49:06,651 INFO com.testSpringBoot.SpringDemoBot.service.TelegramBot [vazhnov_test_1_bot Telegram Executor] Добавили время в базу данныхUser{chatId=350511326, firstName='Pavel', lastName='Vazhnov', userName='@pavel_fortex', registeredAt=2023-01-11 11:19:16.41, timeToQuestions=* 50 13 * * *, numberWheelId=null}
2023-01-16 13:49:06,802 INFO com.testSpringBoot.SpringDemoBot.service.TelegramBot [vazhnov_test_1_bot Telegram Executor] Пользователь обновил время получения вопросов com.testSpringBoot.SpringDemoBot.model.DataBaseQuest@14ac5868
2023-01-16 13:50:00,134 WARN org.hibernate.orm.connections.pooling [scheduling-1] HHH10001002: Using Hibernate built-in connection pool (not for production use!)
2023-01-16 13:50:00,135 INFO org.hibernate.orm.connections.pooling [scheduling-1] HHH10001005: using driver [org.postgresql.Driver] at URL [jdbc:postgresql://localhost:5432/BalanceWheel]
2023-01-16 13:50:00,135 INFO org.hibernate.orm.connections.pooling [scheduling-1] HHH10001001: Connection properties: {password=****, user=NikToRozeo}
2023-01-16 13:50:00,135 INFO org.hibernate.orm.connections.pooling [scheduling-1] HHH10001003: Autocommit mode: false
2023-01-16 13:50:00,136 INFO org.hibernate.engine.jdbc.connections.internal.DriverManagerConnectionProviderImpl [scheduling-1] HHH000115: Hibernate connection pool size: 20 (min=1)
2023-01-16 13:50:00,163 INFO org.hibernate.dialect.Dialect [scheduling-1] HHH000400: Using dialect: org.hibernate.dialect.PostgreSQL95Dialect
2023-01-16 13:50:00,221 WARN org.hibernate.engine.jdbc.spi.SqlExceptionHelper [scheduling-1] SQL Error: 0, SQLState: 42701
2023-01-16 13:50:00,222 ERROR org.hibernate.engine.jdbc.spi.SqlExceptionHelper [scheduling-1] ERROR: column "date_16_01_2023" of relation "data_base_quest" already exists
2023-01-16 13:50:00,224 INFO com.testSpringBoot.SpringDemoBot.model.CreateDateColumn [scheduling-1] Проверка прошла успешно, столбец уже создан
2023-01-16 13:50:00,228 INFO com.testSpringBoot.SpringDemoBot.service.TelegramBot [scheduling-1] Время cron соответствует текущему времени
2023-01-16 13:50:00,228 INFO com.testSpringBoot.SpringDemoBot.service.TelegramBot [scheduling-1] Выполнение запроса для получения квеста
2023-01-16 13:50:00,229 INFO com.testSpringBoot.SpringDemoBot.service.TelegramBot [scheduling-1] quest = [Как здоровье?]
2023-01-16 13:50:05,378 INFO com.testSpringBoot.SpringDemoBot.service.TelegramBot [vazhnov_test_1_bot Telegram Executor] Солнце  я тут c 350511326Как здоровье?9
2023-01-16 13:50:05,404 INFO com.testSpringBoot.SpringDemoBot.service.TelegramBot [vazhnov_test_1_bot Telegram Executor] Выполнение запроса для получения квеста
2023-01-16 13:50:05,412 INFO com.testSpringBoot.SpringDemoBot.service.TelegramBot [vazhnov_test_1_bot Telegram Executor] quest = [Как друзья?]
2023-01-16 13:50:07,738 INFO com.testSpringBoot.SpringDemoBot.service.TelegramBot [vazhnov_test_1_bot Telegram Executor] Солнце  я тут c 350511326Как друзья?4
2023-01-16 13:50:07,749 INFO com.testSpringBoot.SpringDemoBot.service.TelegramBot [vazhnov_test_1_bot Telegram Executor] Выполнение запроса для получения квеста
2023-01-16 13:50:07,751 INFO com.testSpringBoot.SpringDemoBot.service.TelegramBot [vazhnov_test_1_bot Telegram Executor] quest = [Саморазвитие?]
2023-01-16 13:50:11,603 INFO com.testSpringBoot.SpringDemoBot.service.TelegramBot [vazhnov_test_1_bot Telegram Executor] Солнце  я тут c 350511326Саморазвитие?10
2023-01-16 13:50:11,609 INFO com.testSpringBoot.SpringDemoBot.service.TelegramBot [vazhnov_test_1_bot Telegram Executor] Выполнение запроса для получения квеста
2023-01-16 13:50:11,611 INFO com.testSpringBoot.SpringDemoBot.service.TelegramBot [vazhnov_test_1_bot Telegram Executor] quest = [Как крастота?]
2023-01-16 13:50:14,393 INFO com.testSpringBoot.SpringDemoBot.service.TelegramBot [vazhnov_test_1_bot Telegram Executor] Солнце  я тут c 350511326Как крастота?8
2023-01-16 13:50:14,405 INFO com.testSpringBoot.SpringDemoBot.service.TelegramBot [vazhnov_test_1_bot Telegram Executor] Выполнение запроса для получения квеста
2023-01-16 13:50:14,407 INFO com.testSpringBoot.SpringDemoBot.service.TelegramBot [vazhnov_test_1_bot Telegram Executor] quest = [Как работа?]
2023-01-16 13:50:49,293 INFO org.springframework.orm.jpa.LocalContainerEntityManagerFactoryBean [SpringApplicationShutdownHook] Closing JPA EntityManagerFactory for persistence unit 'default'
2023-01-16 13:50:55,607 INFO com.testSpringBoot.SpringDemoBot.SpringDemoBotApplication [main] Starting SpringDemoBotApplication using Java 17.0.5 on MacBook-Pro-Pavel.local with PID 12182 (/Users/fortex/Documents/GitHub/WheelBalanceGitHub/target/classes started by fortex in /Users/fortex/Documents/GitHub/WheelBalanceGitHub)
2023-01-16 13:50:55,608 INFO com.testSpringBoot.SpringDemoBot.SpringDemoBotApplication [main] No active profile set, falling back to 1 default profile: "default"
2023-01-16 13:50:56,030 INFO org.springframework.data.repository.config.RepositoryConfigurationDelegate [main] Bootstrapping Spring Data JPA repositories in DEFAULT mode.
2023-01-16 13:50:56,067 INFO org.springframework.data.repository.config.RepositoryConfigurationDelegate [main] Finished Spring Data repository scanning in 30 ms. Found 3 JPA repository interfaces.
2023-01-16 13:50:56,154 INFO com.testSpringBoot.SpringDemoBot.config.JdbcConfig [main] Creating DataSource bean
2023-01-16 13:50:56,208 INFO org.hibernate.jpa.internal.util.LogHelper [main] HHH000204: Processing PersistenceUnitInfo [name: default]
2023-01-16 13:50:56,231 INFO org.hibernate.Version [main] HHH000412: Hibernate ORM core version 5.6.14.Final
2023-01-16 13:50:56,301 INFO org.hibernate.annotations.common.Version [main] HCANN000001: Hibernate Commons Annotations {5.1.2.Final}
2023-01-16 13:50:56,441 INFO org.hibernate.dialect.Dialect [main] HHH000400: Using dialect: org.hibernate.dialect.PostgreSQLDialect
2023-01-16 13:50:56,566 WARN org.hibernate.mapping.RootClass [main] HHH000038: Composite-id class does not override equals(): com.testSpringBoot.SpringDemoBot.model.DataBaseQuestId
2023-01-16 13:50:56,566 WARN org.hibernate.mapping.RootClass [main] HHH000039: Composite-id class does not override hashCode(): com.testSpringBoot.SpringDemoBot.model.DataBaseQuestId
2023-01-16 13:50:56,734 INFO org.hibernate.engine.transaction.jta.platform.internal.JtaPlatformInitiator [main] HHH000490: Using JtaPlatform implementation: [org.hibernate.engine.transaction.jta.platform.internal.NoJtaPlatform]
2023-01-16 13:50:56,737 INFO org.springframework.orm.jpa.LocalContainerEntityManagerFactoryBean [main] Initialized JPA EntityManagerFactory for persistence unit 'default'
2023-01-16 13:50:57,291 ERROR com.testSpringBoot.SpringDemoBot.service.TelegramBot [main] Error setting bots command listError executing org.telegram.telegrambots.meta.api.methods.commands.SetMyCommands query: [400] Bad Request: BOT_COMMAND_INVALID
2023-01-16 13:50:57,414 INFO com.testSpringBoot.SpringDemoBot.config.JdbcConfig [main] Creating JdbcTemplate bean
2023-01-16 13:50:57,658 INFO com.testSpringBoot.SpringDemoBot.SpringDemoBotApplication [main] Started SpringDemoBotApplication in 2.253 seconds (JVM running for 2.922)
2023-01-16 13:51:07,910 INFO org.springframework.orm.jpa.LocalContainerEntityManagerFactoryBean [SpringApplicationShutdownHook] Closing JPA EntityManagerFactory for persistence unit 'default'
2023-01-16 13:51:10,646 INFO com.testSpringBoot.SpringDemoBot.SpringDemoBotApplication [main] Starting SpringDemoBotApplication using Java 17.0.5 on MacBook-Pro-Pavel.local with PID 12211 (/Users/fortex/Documents/GitHub/WheelBalanceGitHub/target/classes started by fortex in /Users/fortex/Documents/GitHub/WheelBalanceGitHub)
2023-01-16 13:51:10,648 INFO com.testSpringBoot.SpringDemoBot.SpringDemoBotApplication [main] No active profile set, falling back to 1 default profile: "default"
2023-01-16 13:51:11,085 INFO org.springframework.data.repository.config.RepositoryConfigurationDelegate [main] Bootstrapping Spring Data JPA repositories in DEFAULT mode.
2023-01-16 13:51:11,118 INFO org.springframework.data.repository.config.RepositoryConfigurationDelegate [main] Finished Spring Data repository scanning in 27 ms. Found 3 JPA repository interfaces.
2023-01-16 13:51:11,221 INFO com.testSpringBoot.SpringDemoBot.config.JdbcConfig [main] Creating DataSource bean
2023-01-16 13:51:11,281 INFO org.hibernate.jpa.internal.util.LogHelper [main] HHH000204: Processing PersistenceUnitInfo [name: default]
2023-01-16 13:51:11,299 INFO org.hibernate.Version [main] HHH000412: Hibernate ORM core version 5.6.14.Final
2023-01-16 13:51:11,365 INFO org.hibernate.annotations.common.Version [main] HCANN000001: Hibernate Commons Annotations {5.1.2.Final}
2023-01-16 13:51:11,505 INFO org.hibernate.dialect.Dialect [main] HHH000400: Using dialect: org.hibernate.dialect.PostgreSQLDialect
2023-01-16 13:51:11,609 WARN org.hibernate.mapping.RootClass [main] HHH000038: Composite-id class does not override equals(): com.testSpringBoot.SpringDemoBot.model.DataBaseQuestId
2023-01-16 13:51:11,609 WARN org.hibernate.mapping.RootClass [main] HHH000039: Composite-id class does not override hashCode(): com.testSpringBoot.SpringDemoBot.model.DataBaseQuestId
2023-01-16 13:51:11,724 INFO org.hibernate.engine.transaction.jta.platform.internal.JtaPlatformInitiator [main] HHH000490: Using JtaPlatform implementation: [org.hibernate.engine.transaction.jta.platform.internal.NoJtaPlatform]
2023-01-16 13:51:11,729 INFO org.springframework.orm.jpa.LocalContainerEntityManagerFactoryBean [main] Initialized JPA EntityManagerFactory for persistence unit 'default'
2023-01-16 13:51:12,230 ERROR com.testSpringBoot.SpringDemoBot.service.TelegramBot [main] Error setting bots command listError executing org.telegram.telegrambots.meta.api.methods.commands.SetMyCommands query: [400] Bad Request: BOT_COMMAND_INVALID
2023-01-16 13:51:12,344 INFO com.testSpringBoot.SpringDemoBot.config.JdbcConfig [main] Creating JdbcTemplate bean
2023-01-16 13:51:12,487 INFO com.testSpringBoot.SpringDemoBot.SpringDemoBotApplication [main] Started SpringDemoBotApplication in 1.996 seconds (JVM running for 2.613)
2023-01-16 13:51:12,818 INFO com.testSpringBoot.SpringDemoBot.service.TelegramBot [vazhnov_test_1_bot Telegram Executor] Пользователь ввел время для вопросов
2023-01-16 13:51:14,054 INFO com.testSpringBoot.SpringDemoBot.service.TelegramBot [vazhnov_test_1_bot Telegram Executor] Пользователь ввел корректные данные
2023-01-16 13:51:14,059 ERROR com.testSpringBoot.SpringDemoBot.service.TelegramBot [vazhnov_test_1_bot Telegram Executor] * 52 13 * * *
2023-01-16 13:51:14,221 INFO com.testSpringBoot.SpringDemoBot.service.TelegramBot [vazhnov_test_1_bot Telegram Executor] Добавили время в базу данныхUser{chatId=350511326, firstName='Pavel', lastName='Vazhnov', userName='@pavel_fortex', registeredAt=2023-01-11 11:19:16.41, timeToQuestions=* 52 13 * * *, numberWheelId=null}
2023-01-16 13:51:14,526 INFO com.testSpringBoot.SpringDemoBot.service.TelegramBot [vazhnov_test_1_bot Telegram Executor] Пользователь обновил время получения вопросов com.testSpringBoot.SpringDemoBot.model.DataBaseQuest@2ae88bb1
2023-01-16 13:52:00,143 INFO com.testSpringBoot.SpringDemoBot.service.TelegramBot [scheduling-1] Время cron соответствует текущему времени
2023-01-16 13:52:00,144 INFO com.testSpringBoot.SpringDemoBot.service.TelegramBot [scheduling-1] Выполнение запроса для получения квеста
2023-01-16 13:52:00,163 INFO com.testSpringBoot.SpringDemoBot.service.TelegramBot [scheduling-1] quest = [Как крастота?]
2023-01-16 13:52:03,997 INFO com.testSpringBoot.SpringDemoBot.service.TelegramBot [vazhnov_test_1_bot Telegram Executor] Солнце  я тут c 350511326Как крастота?8
2023-01-16 13:52:04,024 INFO com.testSpringBoot.SpringDemoBot.service.TelegramBot [vazhnov_test_1_bot Telegram Executor] Выполнение запроса для получения квеста
2023-01-16 13:52:04,027 INFO com.testSpringBoot.SpringDemoBot.service.TelegramBot [vazhnov_test_1_bot Telegram Executor] quest = [Как работа?]
2023-01-16 13:52:07,179 INFO com.testSpringBoot.SpringDemoBot.service.TelegramBot [vazhnov_test_1_bot Telegram Executor] Солнце  я тут c 350511326Как работа?3
2023-01-16 13:52:07,191 INFO com.testSpringBoot.SpringDemoBot.service.TelegramBot [vazhnov_test_1_bot Telegram Executor] Выполнение запроса для получения квеста
2023-01-16 13:52:07,217 INFO com.testSpringBoot.SpringDemoBot.service.TelegramBot [vazhnov_test_1_bot Telegram Executor] quest = [Как вещи?]
2023-01-16 13:52:19,668 INFO org.springframework.orm.jpa.LocalContainerEntityManagerFactoryBean [SpringApplicationShutdownHook] Closing JPA EntityManagerFactory for persistence unit 'default'
2023-01-16 13:52:24,908 INFO com.testSpringBoot.SpringDemoBot.SpringDemoBotApplication [main] Starting SpringDemoBotApplication using Java 17.0.5 on MacBook-Pro-Pavel.local with PID 12287 (/Users/fortex/Documents/GitHub/WheelBalanceGitHub/target/classes started by fortex in /Users/fortex/Documents/GitHub/WheelBalanceGitHub)
2023-01-16 13:52:24,909 INFO com.testSpringBoot.SpringDemoBot.SpringDemoBotApplication [main] No active profile set, falling back to 1 default profile: "default"
2023-01-16 13:52:25,257 INFO org.springframework.data.repository.config.RepositoryConfigurationDelegate [main] Bootstrapping Spring Data JPA repositories in DEFAULT mode.
2023-01-16 13:52:25,280 INFO org.springframework.data.repository.config.RepositoryConfigurationDelegate [main] Finished Spring Data repository scanning in 18 ms. Found 3 JPA repository interfaces.
2023-01-16 13:52:25,424 INFO com.testSpringBoot.SpringDemoBot.config.JdbcConfig [main] Creating DataSource bean
2023-01-16 13:52:25,528 INFO org.hibernate.jpa.internal.util.LogHelper [main] HHH000204: Processing PersistenceUnitInfo [name: default]
2023-01-16 13:52:25,597 INFO org.hibernate.Version [main] HHH000412: Hibernate ORM core version 5.6.14.Final
2023-01-16 13:52:25,842 INFO org.hibernate.annotations.common.Version [main] HCANN000001: Hibernate Commons Annotations {5.1.2.Final}
2023-01-16 13:52:26,070 INFO org.hibernate.dialect.Dialect [main] HHH000400: Using dialect: org.hibernate.dialect.PostgreSQLDialect
2023-01-16 13:52:26,200 WARN org.hibernate.mapping.RootClass [main] HHH000038: Composite-id class does not override equals(): com.testSpringBoot.SpringDemoBot.model.DataBaseQuestId
2023-01-16 13:52:26,201 WARN org.hibernate.mapping.RootClass [main] HHH000039: Composite-id class does not override hashCode(): com.testSpringBoot.SpringDemoBot.model.DataBaseQuestId
2023-01-16 13:52:26,336 INFO org.hibernate.engine.transaction.jta.platform.internal.JtaPlatformInitiator [main] HHH000490: Using JtaPlatform implementation: [org.hibernate.engine.transaction.jta.platform.internal.NoJtaPlatform]
2023-01-16 13:52:26,339 INFO org.springframework.orm.jpa.LocalContainerEntityManagerFactoryBean [main] Initialized JPA EntityManagerFactory for persistence unit 'default'
2023-01-16 13:52:26,890 ERROR com.testSpringBoot.SpringDemoBot.service.TelegramBot [main] Error setting bots command listError executing org.telegram.telegrambots.meta.api.methods.commands.SetMyCommands query: [400] Bad Request: BOT_COMMAND_INVALID
2023-01-16 13:52:27,002 INFO com.testSpringBoot.SpringDemoBot.config.JdbcConfig [main] Creating JdbcTemplate bean
2023-01-16 13:52:27,138 INFO com.testSpringBoot.SpringDemoBot.SpringDemoBotApplication [main] Started SpringDemoBotApplication in 2.516 seconds (JVM running for 3.201)
2023-01-16 13:52:41,551 INFO com.testSpringBoot.SpringDemoBot.service.TelegramBot [vazhnov_test_1_bot Telegram Executor] Пользователь ввел время для вопросов
2023-01-16 13:52:42,790 INFO com.testSpringBoot.SpringDemoBot.service.TelegramBot [vazhnov_test_1_bot Telegram Executor] Пользователь ввел корректные данные
2023-01-16 13:52:42,791 ERROR com.testSpringBoot.SpringDemoBot.service.TelegramBot [vazhnov_test_1_bot Telegram Executor] * 53 13 * * *
2023-01-16 13:52:42,894 INFO com.testSpringBoot.SpringDemoBot.service.TelegramBot [vazhnov_test_1_bot Telegram Executor] Добавили время в базу данныхUser{chatId=350511326, firstName='Pavel', lastName='Vazhnov', userName='@pavel_fortex', registeredAt=2023-01-11 11:19:16.41, timeToQuestions=* 53 13 * * *, numberWheelId=null}
2023-01-16 13:52:43,026 INFO com.testSpringBoot.SpringDemoBot.service.TelegramBot [vazhnov_test_1_bot Telegram Executor] Пользователь обновил время получения вопросов com.testSpringBoot.SpringDemoBot.model.DataBaseQuest@7cac85e6
2023-01-16 13:53:00,114 INFO com.testSpringBoot.SpringDemoBot.service.TelegramBot [scheduling-1] Время cron соответствует текущему времени
2023-01-16 13:53:00,115 INFO com.testSpringBoot.SpringDemoBot.service.TelegramBot [scheduling-1] Выполнение запроса для получения квеста
2023-01-16 13:53:00,129 INFO com.testSpringBoot.SpringDemoBot.service.TelegramBot [scheduling-1] quest = [Саморазвитие?]
2023-01-16 13:53:03,729 INFO com.testSpringBoot.SpringDemoBot.service.TelegramBot [vazhnov_test_1_bot Telegram Executor] Солнце  я тут c 350511326Саморазвитие?10
2023-01-16 13:53:03,732 INFO com.testSpringBoot.SpringDemoBot.service.TelegramBot [vazhnov_test_1_bot Telegram Executor] Выполнение запроса для получения квеста
2023-01-16 13:53:03,733 INFO com.testSpringBoot.SpringDemoBot.service.TelegramBot [vazhnov_test_1_bot Telegram Executor] quest = [Как здоровье?]
2023-01-16 13:53:05,394 INFO com.testSpringBoot.SpringDemoBot.service.TelegramBot [vazhnov_test_1_bot Telegram Executor] Солнце  я тут c 350511326Как здоровье?8
2023-01-16 13:53:05,398 INFO com.testSpringBoot.SpringDemoBot.service.TelegramBot [vazhnov_test_1_bot Telegram Executor] Выполнение запроса для получения квеста
2023-01-16 13:53:05,399 INFO com.testSpringBoot.SpringDemoBot.service.TelegramBot [vazhnov_test_1_bot Telegram Executor] quest = [Как друзья?]
2023-01-16 13:53:07,263 INFO com.testSpringBoot.SpringDemoBot.service.TelegramBot [vazhnov_test_1_bot Telegram Executor] Солнце  я тут c 350511326Как друзья?3
2023-01-16 13:53:07,264 INFO com.testSpringBoot.SpringDemoBot.service.TelegramBot [vazhnov_test_1_bot Telegram Executor] Выполнение запроса для получения квеста
2023-01-16 13:53:07,265 INFO com.testSpringBoot.SpringDemoBot.service.TelegramBot [vazhnov_test_1_bot Telegram Executor] quest = [Как отношения?]
2023-01-16 13:53:47,767 INFO org.springframework.orm.jpa.LocalContainerEntityManagerFactoryBean [SpringApplicationShutdownHook] Closing JPA EntityManagerFactory for persistence unit 'default'
2023-01-16 13:53:50,954 INFO com.testSpringBoot.SpringDemoBot.SpringDemoBotApplication [main] Starting SpringDemoBotApplication using Java 17.0.5 on MacBook-Pro-Pavel.local with PID 12305 (/Users/fortex/Documents/GitHub/WheelBalanceGitHub/target/classes started by fortex in /Users/fortex/Documents/GitHub/WheelBalanceGitHub)
2023-01-16 13:53:50,955 INFO com.testSpringBoot.SpringDemoBot.SpringDemoBotApplication [main] No active profile set, falling back to 1 default profile: "default"
2023-01-16 13:53:51,546 INFO org.springframework.data.repository.config.RepositoryConfigurationDelegate [main] Bootstrapping Spring Data JPA repositories in DEFAULT mode.
2023-01-16 13:53:51,610 INFO org.springframework.data.repository.config.RepositoryConfigurationDelegate [main] Finished Spring Data repository scanning in 48 ms. Found 3 JPA repository interfaces.
2023-01-16 13:53:51,804 INFO com.testSpringBoot.SpringDemoBot.config.JdbcConfig [main] Creating DataSource bean
2023-01-16 13:53:51,942 INFO org.hibernate.jpa.internal.util.LogHelper [main] HHH000204: Processing PersistenceUnitInfo [name: default]
2023-01-16 13:53:51,981 INFO org.hibernate.Version [main] HHH000412: Hibernate ORM core version 5.6.14.Final
2023-01-16 13:53:52,237 INFO org.hibernate.annotations.common.Version [main] HCANN000001: Hibernate Commons Annotations {5.1.2.Final}
2023-01-16 13:53:52,852 INFO org.hibernate.dialect.Dialect [main] HHH000400: Using dialect: org.hibernate.dialect.PostgreSQLDialect
2023-01-16 13:53:53,160 WARN org.hibernate.mapping.RootClass [main] HHH000038: Composite-id class does not override equals(): com.testSpringBoot.SpringDemoBot.model.DataBaseQuestId
2023-01-16 13:53:53,160 WARN org.hibernate.mapping.RootClass [main] HHH000039: Composite-id class does not override hashCode(): com.testSpringBoot.SpringDemoBot.model.DataBaseQuestId
2023-01-16 13:53:53,392 INFO org.hibernate.engine.transaction.jta.platform.internal.JtaPlatformInitiator [main] HHH000490: Using JtaPlatform implementation: [org.hibernate.engine.transaction.jta.platform.internal.NoJtaPlatform]
2023-01-16 13:53:53,396 INFO org.springframework.orm.jpa.LocalContainerEntityManagerFactoryBean [main] Initialized JPA EntityManagerFactory for persistence unit 'default'
2023-01-16 13:53:54,144 ERROR com.testSpringBoot.SpringDemoBot.service.TelegramBot [main] Error setting bots command listError executing org.telegram.telegrambots.meta.api.methods.commands.SetMyCommands query: [400] Bad Request: BOT_COMMAND_INVALID
2023-01-16 13:53:54,297 INFO com.testSpringBoot.SpringDemoBot.config.JdbcConfig [main] Creating JdbcTemplate bean
2023-01-16 13:53:54,448 INFO com.testSpringBoot.SpringDemoBot.SpringDemoBotApplication [main] Started SpringDemoBotApplication in 3.653 seconds (JVM running for 4.162)
2023-01-16 13:53:54,762 INFO com.testSpringBoot.SpringDemoBot.service.TelegramBot [vazhnov_test_1_bot Telegram Executor] Пользователь ввел время для вопросов
2023-01-16 13:53:55,907 INFO com.testSpringBoot.SpringDemoBot.service.TelegramBot [vazhnov_test_1_bot Telegram Executor] Пользователь ввел корректные данные
2023-01-16 13:53:55,909 ERROR com.testSpringBoot.SpringDemoBot.service.TelegramBot [vazhnov_test_1_bot Telegram Executor] * 54 13 * * *
2023-01-16 13:53:55,996 INFO com.testSpringBoot.SpringDemoBot.service.TelegramBot [vazhnov_test_1_bot Telegram Executor] Добавили время в базу данныхUser{chatId=350511326, firstName='Pavel', lastName='Vazhnov', userName='@pavel_fortex', registeredAt=2023-01-11 11:19:16.41, timeToQuestions=* 54 13 * * *, numberWheelId=null}
2023-01-16 13:53:56,139 INFO com.testSpringBoot.SpringDemoBot.service.TelegramBot [vazhnov_test_1_bot Telegram Executor] Пользователь обновил время получения вопросов com.testSpringBoot.SpringDemoBot.model.DataBaseQuest@1c627c5e
2023-01-16 13:54:00,085 INFO com.testSpringBoot.SpringDemoBot.service.TelegramBot [scheduling-1] Время cron соответствует текущему времени
2023-01-16 13:54:00,085 INFO com.testSpringBoot.SpringDemoBot.service.TelegramBot [scheduling-1] Выполнение запроса для получения квеста
2023-01-16 13:54:00,091 INFO com.testSpringBoot.SpringDemoBot.service.TelegramBot [scheduling-1] quest = [Как отношения?]
2023-01-16 13:54:06,394 INFO com.testSpringBoot.SpringDemoBot.service.TelegramBot [vazhnov_test_1_bot Telegram Executor] Солнце  я тут c 350511326Как отношения?7
2023-01-16 13:54:06,429 INFO com.testSpringBoot.SpringDemoBot.service.TelegramBot [vazhnov_test_1_bot Telegram Executor] Выполнение запроса для получения квеста
2023-01-16 13:54:06,433 INFO com.testSpringBoot.SpringDemoBot.service.TelegramBot [vazhnov_test_1_bot Telegram Executor] quest = [Как вещи?]
2023-01-16 13:54:09,079 INFO com.testSpringBoot.SpringDemoBot.service.TelegramBot [vazhnov_test_1_bot Telegram Executor] Солнце  я тут c 350511326Как вещи?3
2023-01-16 13:54:09,098 INFO com.testSpringBoot.SpringDemoBot.service.TelegramBot [vazhnov_test_1_bot Telegram Executor] Выполнение запроса для получения квеста
2023-01-16 13:54:09,099 INFO com.testSpringBoot.SpringDemoBot.service.TelegramBot [vazhnov_test_1_bot Telegram Executor] quest = [Как работа?]
2023-01-16 13:54:11,082 INFO com.testSpringBoot.SpringDemoBot.service.TelegramBot [vazhnov_test_1_bot Telegram Executor] Солнце  я тут c 350511326Как работа?9
2023-01-16 13:54:11,083 INFO com.testSpringBoot.SpringDemoBot.service.TelegramBot [vazhnov_test_1_bot Telegram Executor] Выполнение запроса для получения квеста
2023-01-16 13:54:11,084 INFO com.testSpringBoot.SpringDemoBot.service.TelegramBot [vazhnov_test_1_bot Telegram Executor] quest = [Как крастота?]
2023-01-16 13:57:06,444 INFO org.springframework.orm.jpa.LocalContainerEntityManagerFactoryBean [SpringApplicationShutdownHook] Closing JPA EntityManagerFactory for persistence unit 'default'
2023-01-16 13:57:09,169 INFO com.testSpringBoot.SpringDemoBot.SpringDemoBotApplication [main] Starting SpringDemoBotApplication using Java 17.0.5 on MacBook-Pro-Pavel.local with PID 12331 (/Users/fortex/Documents/GitHub/WheelBalanceGitHub/target/classes started by fortex in /Users/fortex/Documents/GitHub/WheelBalanceGitHub)
2023-01-16 13:57:09,172 INFO com.testSpringBoot.SpringDemoBot.SpringDemoBotApplication [main] No active profile set, falling back to 1 default profile: "default"
2023-01-16 13:57:09,597 INFO org.springframework.data.repository.config.RepositoryConfigurationDelegate [main] Bootstrapping Spring Data JPA repositories in DEFAULT mode.
2023-01-16 13:57:09,665 INFO org.springframework.data.repository.config.RepositoryConfigurationDelegate [main] Finished Spring Data repository scanning in 50 ms. Found 3 JPA repository interfaces.
2023-01-16 13:57:09,877 INFO com.testSpringBoot.SpringDemoBot.config.JdbcConfig [main] Creating DataSource bean
2023-01-16 13:57:09,939 INFO org.hibernate.jpa.internal.util.LogHelper [main] HHH000204: Processing PersistenceUnitInfo [name: default]
2023-01-16 13:57:09,960 INFO org.hibernate.Version [main] HHH000412: Hibernate ORM core version 5.6.14.Final
2023-01-16 13:57:10,048 INFO org.hibernate.annotations.common.Version [main] HCANN000001: Hibernate Commons Annotations {5.1.2.Final}
2023-01-16 13:57:10,181 INFO org.hibernate.dialect.Dialect [main] HHH000400: Using dialect: org.hibernate.dialect.PostgreSQLDialect
2023-01-16 13:57:10,337 WARN org.hibernate.mapping.RootClass [main] HHH000038: Composite-id class does not override equals(): com.testSpringBoot.SpringDemoBot.model.DataBaseQuestId
2023-01-16 13:57:10,337 WARN org.hibernate.mapping.RootClass [main] HHH000039: Composite-id class does not override hashCode(): com.testSpringBoot.SpringDemoBot.model.DataBaseQuestId
2023-01-16 13:57:10,460 INFO org.hibernate.engine.transaction.jta.platform.internal.JtaPlatformInitiator [main] HHH000490: Using JtaPlatform implementation: [org.hibernate.engine.transaction.jta.platform.internal.NoJtaPlatform]
2023-01-16 13:57:10,463 INFO org.springframework.orm.jpa.LocalContainerEntityManagerFactoryBean [main] Initialized JPA EntityManagerFactory for persistence unit 'default'
2023-01-16 13:57:11,067 ERROR com.testSpringBoot.SpringDemoBot.service.TelegramBot [main] Error setting bots command listError executing org.telegram.telegrambots.meta.api.methods.commands.SetMyCommands query: [400] Bad Request: BOT_COMMAND_INVALID
2023-01-16 13:57:11,190 INFO com.testSpringBoot.SpringDemoBot.config.JdbcConfig [main] Creating JdbcTemplate bean
2023-01-16 13:57:11,376 INFO com.testSpringBoot.SpringDemoBot.SpringDemoBotApplication [main] Started SpringDemoBotApplication in 2.462 seconds (JVM running for 3.197)
2023-01-16 13:57:16,196 INFO com.testSpringBoot.SpringDemoBot.service.TelegramBot [vazhnov_test_1_bot Telegram Executor] Replied to userPavel
2023-01-16 13:57:27,911 INFO com.testSpringBoot.SpringDemoBot.service.TelegramBot [vazhnov_test_1_bot Telegram Executor] Пользователь ввел время для вопросов
2023-01-16 13:57:29,754 INFO com.testSpringBoot.SpringDemoBot.service.TelegramBot [vazhnov_test_1_bot Telegram Executor] Пользователь ввел корректные данные
2023-01-16 13:57:29,755 ERROR com.testSpringBoot.SpringDemoBot.service.TelegramBot [vazhnov_test_1_bot Telegram Executor] * 58 13 * * *
2023-01-16 13:57:29,819 INFO com.testSpringBoot.SpringDemoBot.service.TelegramBot [vazhnov_test_1_bot Telegram Executor] Добавили время в базу данныхUser{chatId=350511326, firstName='Pavel', lastName='Vazhnov', userName='@pavel_fortex', registeredAt=2023-01-11 11:19:16.41, timeToQuestions=* 58 13 * * *, numberWheelId=null}
2023-01-16 13:57:30,050 INFO com.testSpringBoot.SpringDemoBot.service.TelegramBot [vazhnov_test_1_bot Telegram Executor] Пользователь обновил время получения вопросов com.testSpringBoot.SpringDemoBot.model.DataBaseQuest@16e3f767
2023-01-16 13:58:00,113 INFO com.testSpringBoot.SpringDemoBot.service.TelegramBot [scheduling-1] Время cron соответствует текущему времени
2023-01-16 13:58:00,119 INFO com.testSpringBoot.SpringDemoBot.service.TelegramBot [scheduling-1] Выполнение запроса для получения квеста
2023-01-16 13:58:00,131 INFO com.testSpringBoot.SpringDemoBot.service.TelegramBot [scheduling-1] quest = [Как друзья?]
2023-01-16 13:58:04,173 INFO com.testSpringBoot.SpringDemoBot.service.TelegramBot [vazhnov_test_1_bot Telegram Executor] Солнце  я тут c 350511326Как друзья?4
2023-01-16 13:58:04,176 INFO com.testSpringBoot.SpringDemoBot.service.TelegramBot [vazhnov_test_1_bot Telegram Executor] Выполнение запроса для получения квеста
2023-01-16 13:58:04,178 INFO com.testSpringBoot.SpringDemoBot.service.TelegramBot [vazhnov_test_1_bot Telegram Executor] quest = [Семья?]
2023-01-16 13:58:07,022 INFO com.testSpringBoot.SpringDemoBot.service.TelegramBot [vazhnov_test_1_bot Telegram Executor] Солнце  я тут c 350511326Семья?8
2023-01-16 13:58:07,025 INFO com.testSpringBoot.SpringDemoBot.service.TelegramBot [vazhnov_test_1_bot Telegram Executor] Выполнение запроса для получения квеста
2023-01-16 13:58:07,027 INFO com.testSpringBoot.SpringDemoBot.service.TelegramBot [vazhnov_test_1_bot Telegram Executor] quest = [Саморазвитие?]
2023-01-16 13:58:09,848 INFO com.testSpringBoot.SpringDemoBot.service.TelegramBot [vazhnov_test_1_bot Telegram Executor] Солнце  я тут c 350511326Саморазвитие?9
2023-01-16 13:58:09,852 INFO com.testSpringBoot.SpringDemoBot.service.TelegramBot [vazhnov_test_1_bot Telegram Executor] Выполнение запроса для получения квеста
2023-01-16 13:58:09,854 INFO com.testSpringBoot.SpringDemoBot.service.TelegramBot [vazhnov_test_1_bot Telegram Executor] quest = [Как вещи?]
2023-01-16 13:58:43,989 INFO com.testSpringBoot.SpringDemoBot.service.TelegramBot [vazhnov_test_1_bot Telegram Executor] Пользователь ввел время для вопросов
2023-01-16 13:58:45,909 INFO com.testSpringBoot.SpringDemoBot.service.TelegramBot [vazhnov_test_1_bot Telegram Executor] Пользователь ввел корректные данные
2023-01-16 13:58:45,921 ERROR com.testSpringBoot.SpringDemoBot.service.TelegramBot [vazhnov_test_1_bot Telegram Executor] * 59 13 * * *
2023-01-16 13:58:45,930 INFO com.testSpringBoot.SpringDemoBot.service.TelegramBot [vazhnov_test_1_bot Telegram Executor] Добавили время в базу данныхUser{chatId=350511326, firstName='Pavel', lastName='Vazhnov', userName='@pavel_fortex', registeredAt=2023-01-11 11:19:16.41, timeToQuestions=* 59 13 * * *, numberWheelId=null}
2023-01-16 13:58:46,161 INFO com.testSpringBoot.SpringDemoBot.service.TelegramBot [vazhnov_test_1_bot Telegram Executor] Пользователь обновил время получения вопросов com.testSpringBoot.SpringDemoBot.model.DataBaseQuest@1cf4af6d
2023-01-16 13:59:00,025 INFO com.testSpringBoot.SpringDemoBot.service.TelegramBot [scheduling-1] Время cron соответствует текущему времени
2023-01-16 13:59:00,026 INFO com.testSpringBoot.SpringDemoBot.service.TelegramBot [scheduling-1] Выполнение запроса для получения квеста
2023-01-16 13:59:00,030 INFO com.testSpringBoot.SpringDemoBot.service.TelegramBot [scheduling-1] quest = [Как деньги?]
2023-01-16 13:59:05,139 INFO com.testSpringBoot.SpringDemoBot.service.TelegramBot [vazhnov_test_1_bot Telegram Executor] Солнце  я тут c 350511326Как деньги?3
2023-01-16 13:59:05,142 INFO com.testSpringBoot.SpringDemoBot.service.TelegramBot [vazhnov_test_1_bot Telegram Executor] Выполнение запроса для получения квеста
2023-01-16 13:59:05,143 INFO com.testSpringBoot.SpringDemoBot.service.TelegramBot [vazhnov_test_1_bot Telegram Executor] quest = [Развлечения?]
2023-01-16 13:59:07,171 INFO com.testSpringBoot.SpringDemoBot.service.TelegramBot [vazhnov_test_1_bot Telegram Executor] Солнце  я тут c 350511326Развлечения?7
2023-01-16 13:59:07,181 INFO com.testSpringBoot.SpringDemoBot.service.TelegramBot [vazhnov_test_1_bot Telegram Executor] Выполнение запроса для получения квеста
2023-01-16 13:59:07,183 INFO com.testSpringBoot.SpringDemoBot.service.TelegramBot [vazhnov_test_1_bot Telegram Executor] quest = [Как работа?]
2023-01-16 13:59:09,406 INFO com.testSpringBoot.SpringDemoBot.service.TelegramBot [vazhnov_test_1_bot Telegram Executor] Солнце  я тут c 350511326Как работа?1
2023-01-16 13:59:09,410 INFO com.testSpringBoot.SpringDemoBot.service.TelegramBot [vazhnov_test_1_bot Telegram Executor] Выполнение запроса для получения квеста
2023-01-16 13:59:09,413 INFO com.testSpringBoot.SpringDemoBot.service.TelegramBot [vazhnov_test_1_bot Telegram Executor] quest = [Как крастота?]
2023-01-16 14:00:00,143 WARN org.hibernate.orm.connections.pooling [scheduling-1] HHH10001002: Using Hibernate built-in connection pool (not for production use!)
2023-01-16 14:00:00,143 INFO org.hibernate.orm.connections.pooling [scheduling-1] HHH10001005: using driver [org.postgresql.Driver] at URL [jdbc:postgresql://localhost:5432/BalanceWheel]
2023-01-16 14:00:00,143 INFO org.hibernate.orm.connections.pooling [scheduling-1] HHH10001001: Connection properties: {password=****, user=NikToRozeo}
2023-01-16 14:00:00,143 INFO org.hibernate.orm.connections.pooling [scheduling-1] HHH10001003: Autocommit mode: false
2023-01-16 14:00:00,144 INFO org.hibernate.engine.jdbc.connections.internal.DriverManagerConnectionProviderImpl [scheduling-1] HHH000115: Hibernate connection pool size: 20 (min=1)
2023-01-16 14:00:00,170 INFO org.hibernate.dialect.Dialect [scheduling-1] HHH000400: Using dialect: org.hibernate.dialect.PostgreSQL95Dialect
2023-01-16 14:00:00,215 WARN org.hibernate.engine.jdbc.spi.SqlExceptionHelper [scheduling-1] SQL Error: 0, SQLState: 42701
2023-01-16 14:00:00,215 ERROR org.hibernate.engine.jdbc.spi.SqlExceptionHelper [scheduling-1] ERROR: column "date_16_01_2023" of relation "data_base_quest" already exists
2023-01-16 14:00:00,218 INFO com.testSpringBoot.SpringDemoBot.model.CreateDateColumn [scheduling-1] Проверка прошла успешно, столбец уже создан
2023-01-16 14:00:23,219 INFO com.testSpringBoot.SpringDemoBot.service.TelegramBot [vazhnov_test_1_bot Telegram Executor] Пользователь ввел время для вопросов
2023-01-16 14:00:27,086 INFO com.testSpringBoot.SpringDemoBot.service.TelegramBot [vazhnov_test_1_bot Telegram Executor] Пользователь ввел корректные данные
2023-01-16 14:00:27,087 ERROR com.testSpringBoot.SpringDemoBot.service.TelegramBot [vazhnov_test_1_bot Telegram Executor] * 01 14 * * *
2023-01-16 14:00:27,135 INFO com.testSpringBoot.SpringDemoBot.service.TelegramBot [vazhnov_test_1_bot Telegram Executor] Добавили время в базу данныхUser{chatId=350511326, firstName='Pavel', lastName='Vazhnov', userName='@pavel_fortex', registeredAt=2023-01-11 11:19:16.41, timeToQuestions=* 01 14 * * *, numberWheelId=null}
2023-01-16 14:00:27,263 INFO com.testSpringBoot.SpringDemoBot.service.TelegramBot [vazhnov_test_1_bot Telegram Executor] Пользователь обновил время получения вопросов com.testSpringBoot.SpringDemoBot.model.DataBaseQuest@71a2462c
2023-01-16 14:01:00,012 INFO com.testSpringBoot.SpringDemoBot.service.TelegramBot [scheduling-1] Время cron соответствует текущему времени
2023-01-16 14:01:00,013 INFO com.testSpringBoot.SpringDemoBot.service.TelegramBot [scheduling-1] Выполнение запроса для получения квеста
2023-01-16 14:01:00,019 INFO com.testSpringBoot.SpringDemoBot.service.TelegramBot [scheduling-1] quest = [Как здоровье?]
2023-01-16 14:01:03,948 INFO com.testSpringBoot.SpringDemoBot.service.TelegramBot [vazhnov_test_1_bot Telegram Executor] Солнце  я тут c 350511326Как здоровье?10
2023-01-16 14:01:03,956 INFO com.testSpringBoot.SpringDemoBot.service.TelegramBot [vazhnov_test_1_bot Telegram Executor] Выполнение запроса для получения квеста
2023-01-16 14:01:03,957 INFO com.testSpringBoot.SpringDemoBot.service.TelegramBot [vazhnov_test_1_bot Telegram Executor] quest = [Как отношения?]
2023-01-16 14:01:06,343 INFO com.testSpringBoot.SpringDemoBot.service.TelegramBot [vazhnov_test_1_bot Telegram Executor] Солнце  я тут c 350511326Как отношения?7
2023-01-16 14:01:06,346 INFO com.testSpringBoot.SpringDemoBot.service.TelegramBot [vazhnov_test_1_bot Telegram Executor] Выполнение запроса для получения квеста
2023-01-16 14:01:06,347 INFO com.testSpringBoot.SpringDemoBot.service.TelegramBot [vazhnov_test_1_bot Telegram Executor] quest = [Как вещи?]
2023-01-16 14:01:08,534 INFO com.testSpringBoot.SpringDemoBot.service.TelegramBot [vazhnov_test_1_bot Telegram Executor] Солнце  я тут c 350511326Как вещи?3
2023-01-16 14:01:08,540 INFO com.testSpringBoot.SpringDemoBot.service.TelegramBot [vazhnov_test_1_bot Telegram Executor] Выполнение запроса для получения квеста
2023-01-16 14:01:08,542 INFO com.testSpringBoot.SpringDemoBot.service.TelegramBot [vazhnov_test_1_bot Telegram Executor] quest = [Как крастота?]
2023-01-16 14:02:05,430 INFO com.testSpringBoot.SpringDemoBot.service.TelegramBot [vazhnov_test_1_bot Telegram Executor] Пользователь ввел время для вопросов
2023-01-16 14:02:06,683 INFO com.testSpringBoot.SpringDemoBot.service.TelegramBot [vazhnov_test_1_bot Telegram Executor] Пользователь ввел корректные данные
2023-01-16 14:02:06,684 ERROR com.testSpringBoot.SpringDemoBot.service.TelegramBot [vazhnov_test_1_bot Telegram Executor] * 03 14 * * *
2023-01-16 14:02:06,717 INFO com.testSpringBoot.SpringDemoBot.service.TelegramBot [vazhnov_test_1_bot Telegram Executor] Добавили время в базу данныхUser{chatId=350511326, firstName='Pavel', lastName='Vazhnov', userName='@pavel_fortex', registeredAt=2023-01-11 11:19:16.41, timeToQuestions=* 03 14 * * *, numberWheelId=null}
2023-01-16 14:02:06,964 INFO com.testSpringBoot.SpringDemoBot.service.TelegramBot [vazhnov_test_1_bot Telegram Executor] Пользователь обновил время получения вопросов com.testSpringBoot.SpringDemoBot.model.DataBaseQuest@7d822089
2023-01-16 14:03:00,019 INFO com.testSpringBoot.SpringDemoBot.service.TelegramBot [scheduling-1] Время cron соответствует текущему времени
2023-01-16 14:03:00,021 INFO com.testSpringBoot.SpringDemoBot.service.TelegramBot [scheduling-1] Выполнение запроса для получения квеста
2023-01-16 14:03:00,024 INFO com.testSpringBoot.SpringDemoBot.service.TelegramBot [scheduling-1] quest = [Саморазвитие?]
2023-01-16 14:03:04,686 INFO com.testSpringBoot.SpringDemoBot.service.TelegramBot [vazhnov_test_1_bot Telegram Executor] Солнце  я тут c 350511326Саморазвитие?9
2023-01-16 14:03:04,697 INFO com.testSpringBoot.SpringDemoBot.service.TelegramBot [vazhnov_test_1_bot Telegram Executor] Выполнение запроса для получения квеста
2023-01-16 14:03:04,699 INFO com.testSpringBoot.SpringDemoBot.service.TelegramBot [vazhnov_test_1_bot Telegram Executor] quest = [Как крастота?]
2023-01-16 14:03:08,088 INFO com.testSpringBoot.SpringDemoBot.service.TelegramBot [vazhnov_test_1_bot Telegram Executor] Солнце  я тут c 350511326Как крастота?8
2023-01-16 14:03:08,092 INFO com.testSpringBoot.SpringDemoBot.service.TelegramBot [vazhnov_test_1_bot Telegram Executor] Выполнение запроса для получения квеста
2023-01-16 14:03:08,093 INFO com.testSpringBoot.SpringDemoBot.service.TelegramBot [vazhnov_test_1_bot Telegram Executor] quest = [Семья?]
2023-01-16 14:03:09,767 INFO com.testSpringBoot.SpringDemoBot.service.TelegramBot [vazhnov_test_1_bot Telegram Executor] Солнце  я тут c 350511326Семья?6
2023-01-16 14:03:09,768 INFO com.testSpringBoot.SpringDemoBot.service.TelegramBot [vazhnov_test_1_bot Telegram Executor] Выполнение запроса для получения квеста
2023-01-16 14:03:09,774 INFO com.testSpringBoot.SpringDemoBot.service.TelegramBot [vazhnov_test_1_bot Telegram Executor] quest = [Как друзья?]
2023-01-16 14:03:38,389 INFO com.testSpringBoot.SpringDemoBot.service.TelegramBot [vazhnov_test_1_bot Telegram Executor] Пользователь ввел время для вопросов
2023-01-16 14:03:39,643 INFO com.testSpringBoot.SpringDemoBot.service.TelegramBot [vazhnov_test_1_bot Telegram Executor] Пользователь ввел корректные данные
2023-01-16 14:03:39,643 ERROR com.testSpringBoot.SpringDemoBot.service.TelegramBot [vazhnov_test_1_bot Telegram Executor] * 04 14 * * *
2023-01-16 14:03:39,665 INFO com.testSpringBoot.SpringDemoBot.service.TelegramBot [vazhnov_test_1_bot Telegram Executor] Добавили время в базу данныхUser{chatId=350511326, firstName='Pavel', lastName='Vazhnov', userName='@pavel_fortex', registeredAt=2023-01-11 11:19:16.41, timeToQuestions=* 04 14 * * *, numberWheelId=null}
2023-01-16 14:03:39,794 INFO com.testSpringBoot.SpringDemoBot.service.TelegramBot [vazhnov_test_1_bot Telegram Executor] Пользователь обновил время получения вопросов com.testSpringBoot.SpringDemoBot.model.DataBaseQuest@252ff9ef
2023-01-16 14:04:00,029 INFO com.testSpringBoot.SpringDemoBot.service.TelegramBot [scheduling-1] Время cron соответствует текущему времени
2023-01-16 14:04:00,039 INFO com.testSpringBoot.SpringDemoBot.service.TelegramBot [scheduling-1] Выполнение запроса для получения квеста
2023-01-16 14:04:00,041 INFO com.testSpringBoot.SpringDemoBot.service.TelegramBot [scheduling-1] quest = [Как друзья?]
